2020-12-18 09:10:41,501 INFO org.springframework.boot.StartupInfoLogger [main] Starting MessageCalendarSyncApplication using Java 1.8.0_144 on LAPTOP-LJ377Q8B with PID 1564 (D:\ProjetRonald\MessageCalendarSync\target\classes started by Yusuduck in D:\ProjetRonald\MessageCalendarSync)
2020-12-18 09:10:41,704 INFO org.springframework.boot.SpringApplication [main] No active profile set, falling back to default profiles: default
2020-12-18 09:10:43,548 INFO org.springframework.data.repository.config.RepositoryConfigurationDelegate [main] Bootstrapping Spring Data JPA repositories in DEFAULT mode.
2020-12-18 09:10:43,673 INFO org.springframework.data.repository.config.RepositoryConfigurationDelegate [main] Finished Spring Data repository scanning in 108 ms. Found 3 JPA repository interfaces.
2020-12-18 09:10:45,603 INFO org.springframework.boot.web.embedded.tomcat.TomcatWebServer [main] Tomcat initialized with port(s): 8081 (http)
2020-12-18 09:10:45,634 INFO org.apache.juli.logging.DirectJDKLog [main] Initializing ProtocolHandler ["http-nio-8081"]
2020-12-18 09:10:45,634 INFO org.apache.juli.logging.DirectJDKLog [main] Starting service [Tomcat]
2020-12-18 09:10:45,634 INFO org.apache.juli.logging.DirectJDKLog [main] Starting Servlet engine: [Apache Tomcat/9.0.41]
2020-12-18 09:10:45,915 INFO org.apache.juli.logging.DirectJDKLog [main] Initializing Spring embedded WebApplicationContext
2020-12-18 09:10:45,915 INFO org.springframework.boot.web.servlet.context.ServletWebServerApplicationContext [main] Root WebApplicationContext: initialization completed in 4023 ms
2020-12-18 09:10:46,165 INFO com.zaxxer.hikari.HikariDataSource [main] HikariPool-1 - Starting...
2020-12-18 09:10:47,571 INFO com.zaxxer.hikari.HikariDataSource [main] HikariPool-1 - Start completed.
2020-12-18 09:10:47,884 INFO org.hibernate.jpa.internal.util.LogHelper [main] HHH000204: Processing PersistenceUnitInfo [name: default]
2020-12-18 09:10:48,071 INFO org.hibernate.Version [main] HHH000412: Hibernate ORM core version 5.4.25.Final
2020-12-18 09:10:48,540 INFO org.hibernate.annotations.common.reflection.java.JavaReflectionManager [main] HCANN000001: Hibernate Commons Annotations {5.1.2.Final}
2020-12-18 09:10:48,852 INFO org.hibernate.dialect.Dialect [main] HHH000400: Using dialect: org.hibernate.dialect.PostgreSQL95Dialect
2020-12-18 09:10:50,383 WARN org.hibernate.engine.jdbc.spi.SqlExceptionHelper$StandardWarningHandler [main] SQL Warning Code: 0, SQLState: 00000
2020-12-18 09:10:50,383 WARN org.hibernate.engine.jdbc.spi.SqlExceptionHelper$StandardWarningHandler [main] DROP cascade sur contrainte fk_user_id sur table calendar
2020-12-18 09:10:50,383 WARN org.hibernate.engine.jdbc.spi.SqlExceptionHelper$StandardWarningHandler [main] SQL Warning Code: 0, SQLState: 00000
2020-12-18 09:10:50,383 WARN org.hibernate.engine.jdbc.spi.SqlExceptionHelper$StandardWarningHandler [main] la contrainte « fk_user_id » de la relation « calendar » n'existe pas, ignore
2020-12-18 09:10:50,477 INFO org.hibernate.engine.transaction.jta.platform.internal.JtaPlatformInitiator [main] HHH000490: Using JtaPlatform implementation: [org.hibernate.engine.transaction.jta.platform.internal.NoJtaPlatform]
2020-12-18 09:10:50,492 INFO org.springframework.orm.jpa.AbstractEntityManagerFactoryBean [main] Initialized JPA EntityManagerFactory for persistence unit 'default'
2020-12-18 09:10:51,430 WARN org.springframework.boot.autoconfigure.orm.jpa.JpaBaseConfiguration$JpaWebConfiguration [main] spring.jpa.open-in-view is enabled by default. Therefore, database queries may be performed during view rendering. Explicitly configure spring.jpa.open-in-view to disable this warning
2020-12-18 09:10:52,005 WARN com.google.api.client.util.store.FileDataStoreFactory [main] unable to change permissions for everybody: D:\ProjetRonald\MessageCalendarSync\tokens\gmail
2020-12-18 09:10:52,005 WARN com.google.api.client.util.store.FileDataStoreFactory [main] unable to change permissions for owner: D:\ProjetRonald\MessageCalendarSync\tokens\gmail
2020-12-18 09:10:52,287 WARN com.google.api.client.util.store.FileDataStoreFactory [main] unable to change permissions for everybody: D:\ProjetRonald\MessageCalendarSync\tokens\gmail
2020-12-18 09:10:52,287 WARN com.google.api.client.util.store.FileDataStoreFactory [main] unable to change permissions for owner: D:\ProjetRonald\MessageCalendarSync\tokens\gmail
2020-12-18 09:10:52,865 INFO org.springframework.security.web.DefaultSecurityFilterChain [main] Will secure any request with [org.springframework.security.web.context.request.async.WebAsyncManagerIntegrationFilter@3c09a350, org.springframework.security.web.context.SecurityContextPersistenceFilter@2e7bb00e, org.springframework.security.web.header.HeaderWriterFilter@ec5f944, org.springframework.security.web.authentication.logout.LogoutFilter@4b85edeb, com.rdesouter.utils.JwtRequestFilter@f017dd0, org.springframework.security.web.savedrequest.RequestCacheAwareFilter@74d22ddd, org.springframework.security.web.servletapi.SecurityContextHolderAwareRequestFilter@5b665a30, org.springframework.security.web.authentication.AnonymousAuthenticationFilter@592a1882, org.springframework.security.web.session.SessionManagementFilter@5c8ab9de, org.springframework.security.web.access.ExceptionTranslationFilter@d84418a, org.springframework.security.web.access.intercept.FilterSecurityInterceptor@696174d3]
2020-12-18 09:10:53,600 INFO org.springframework.scheduling.concurrent.ExecutorConfigurationSupport [main] Initializing ExecutorService 'applicationTaskExecutor'
2020-12-18 09:10:54,103 INFO org.springframework.scheduling.concurrent.ExecutorConfigurationSupport [main] Initializing ExecutorService 'taskScheduler'
2020-12-18 09:10:54,150 INFO org.apache.juli.logging.DirectJDKLog [main] Starting ProtocolHandler ["http-nio-8081"]
2020-12-18 09:10:54,470 INFO org.springframework.boot.web.embedded.tomcat.TomcatWebServer [main] Tomcat started on port(s): 8081 (http) with context path '/api'
2020-12-18 09:10:54,498 INFO org.springframework.boot.StartupInfoLogger [main] Started MessageCalendarSyncApplication in 15.142 seconds (JVM running for 17.564)
2020-12-18 09:10:59,448 INFO org.apache.juli.logging.DirectJDKLog [http-nio-8081-exec-10] Initializing Spring DispatcherServlet 'dispatcherServlet'
2020-12-18 09:10:59,449 INFO org.springframework.web.servlet.FrameworkServlet [http-nio-8081-exec-10] Initializing Servlet 'dispatcherServlet'
2020-12-18 09:10:59,452 INFO org.springframework.web.servlet.FrameworkServlet [http-nio-8081-exec-10] Completed initialization in 3 ms
2020-12-18 09:12:20,778 INFO org.springframework.boot.StartupInfoLogger [main] Starting MessageCalendarSyncApplication using Java 1.8.0_144 on LAPTOP-LJ377Q8B with PID 8736 (D:\ProjetRonald\MessageCalendarSync\target\classes started by Yusuduck in D:\ProjetRonald\MessageCalendarSync)
2020-12-18 09:12:20,778 INFO org.springframework.boot.SpringApplication [main] No active profile set, falling back to default profiles: default
2020-12-18 09:12:22,231 INFO org.springframework.data.repository.config.RepositoryConfigurationDelegate [main] Bootstrapping Spring Data JPA repositories in DEFAULT mode.
2020-12-18 09:12:22,340 INFO org.springframework.data.repository.config.RepositoryConfigurationDelegate [main] Finished Spring Data repository scanning in 101 ms. Found 3 JPA repository interfaces.
2020-12-18 09:12:23,793 INFO org.springframework.boot.web.embedded.tomcat.TomcatWebServer [main] Tomcat initialized with port(s): 8081 (http)
2020-12-18 09:12:23,809 INFO org.apache.juli.logging.DirectJDKLog [main] Initializing ProtocolHandler ["http-nio-8081"]
2020-12-18 09:12:23,809 INFO org.apache.juli.logging.DirectJDKLog [main] Starting service [Tomcat]
2020-12-18 09:12:23,809 INFO org.apache.juli.logging.DirectJDKLog [main] Starting Servlet engine: [Apache Tomcat/9.0.41]
2020-12-18 09:12:23,965 INFO org.apache.juli.logging.DirectJDKLog [main] Initializing Spring embedded WebApplicationContext
2020-12-18 09:12:23,965 INFO org.springframework.boot.web.servlet.context.ServletWebServerApplicationContext [main] Root WebApplicationContext: initialization completed in 3093 ms
2020-12-18 09:12:24,137 INFO com.zaxxer.hikari.HikariDataSource [main] HikariPool-1 - Starting...
2020-12-18 09:12:24,981 INFO com.zaxxer.hikari.HikariDataSource [main] HikariPool-1 - Start completed.
2020-12-18 09:12:25,231 INFO org.hibernate.jpa.internal.util.LogHelper [main] HHH000204: Processing PersistenceUnitInfo [name: default]
2020-12-18 09:12:25,356 INFO org.hibernate.Version [main] HHH000412: Hibernate ORM core version 5.4.25.Final
2020-12-18 09:12:25,606 INFO org.hibernate.annotations.common.reflection.java.JavaReflectionManager [main] HCANN000001: Hibernate Commons Annotations {5.1.2.Final}
2020-12-18 09:12:25,856 INFO org.hibernate.dialect.Dialect [main] HHH000400: Using dialect: org.hibernate.dialect.PostgreSQL95Dialect
2020-12-18 09:12:26,699 WARN org.hibernate.engine.jdbc.spi.SqlExceptionHelper$StandardWarningHandler [main] SQL Warning Code: 0, SQLState: 00000
2020-12-18 09:12:26,699 WARN org.hibernate.engine.jdbc.spi.SqlExceptionHelper$StandardWarningHandler [main] DROP cascade sur contrainte fk_user_id sur table calendar
2020-12-18 09:12:26,699 WARN org.hibernate.engine.jdbc.spi.SqlExceptionHelper$StandardWarningHandler [main] SQL Warning Code: 0, SQLState: 00000
2020-12-18 09:12:26,699 WARN org.hibernate.engine.jdbc.spi.SqlExceptionHelper$StandardWarningHandler [main] la contrainte « fk_user_id » de la relation « calendar » n'existe pas, ignore
2020-12-18 09:12:26,762 INFO org.hibernate.engine.transaction.jta.platform.internal.JtaPlatformInitiator [main] HHH000490: Using JtaPlatform implementation: [org.hibernate.engine.transaction.jta.platform.internal.NoJtaPlatform]
2020-12-18 09:12:26,777 INFO org.springframework.orm.jpa.AbstractEntityManagerFactoryBean [main] Initialized JPA EntityManagerFactory for persistence unit 'default'
2020-12-18 09:12:27,277 WARN org.springframework.boot.autoconfigure.orm.jpa.JpaBaseConfiguration$JpaWebConfiguration [main] spring.jpa.open-in-view is enabled by default. Therefore, database queries may be performed during view rendering. Explicitly configure spring.jpa.open-in-view to disable this warning
2020-12-18 09:12:27,574 WARN com.google.api.client.util.store.FileDataStoreFactory [main] unable to change permissions for everybody: D:\ProjetRonald\MessageCalendarSync\tokens\gmail
2020-12-18 09:12:27,574 WARN com.google.api.client.util.store.FileDataStoreFactory [main] unable to change permissions for owner: D:\ProjetRonald\MessageCalendarSync\tokens\gmail
2020-12-18 09:12:27,668 WARN com.google.api.client.util.store.FileDataStoreFactory [main] unable to change permissions for everybody: D:\ProjetRonald\MessageCalendarSync\tokens\gmail
2020-12-18 09:12:27,668 WARN com.google.api.client.util.store.FileDataStoreFactory [main] unable to change permissions for owner: D:\ProjetRonald\MessageCalendarSync\tokens\gmail
2020-12-18 09:12:27,933 INFO org.springframework.security.web.DefaultSecurityFilterChain [main] Will secure any request with [org.springframework.security.web.context.request.async.WebAsyncManagerIntegrationFilter@41a23470, org.springframework.security.web.context.SecurityContextPersistenceFilter@283d3628, org.springframework.security.web.header.HeaderWriterFilter@3973b6d4, org.springframework.security.web.authentication.logout.LogoutFilter@67e6eb52, com.rdesouter.utils.JwtRequestFilter@6bd92538, org.springframework.security.web.savedrequest.RequestCacheAwareFilter@5fd18419, org.springframework.security.web.servletapi.SecurityContextHolderAwareRequestFilter@5ab5924c, org.springframework.security.web.authentication.AnonymousAuthenticationFilter@30c01c37, org.springframework.security.web.session.SessionManagementFilter@7d1f3fe9, org.springframework.security.web.access.ExceptionTranslationFilter@5b4954b2, org.springframework.security.web.access.intercept.FilterSecurityInterceptor@520a95ff]
2020-12-18 09:12:28,090 INFO org.springframework.scheduling.concurrent.ExecutorConfigurationSupport [main] Initializing ExecutorService 'applicationTaskExecutor'
2020-12-18 09:12:28,558 INFO org.springframework.scheduling.concurrent.ExecutorConfigurationSupport [main] Initializing ExecutorService 'taskScheduler'
2020-12-18 09:12:28,590 INFO org.apache.juli.logging.DirectJDKLog [main] Starting ProtocolHandler ["http-nio-8081"]
2020-12-18 09:12:28,605 INFO org.springframework.boot.web.embedded.tomcat.TomcatWebServer [main] Tomcat started on port(s): 8081 (http) with context path '/api'
2020-12-18 09:12:28,636 INFO org.springframework.boot.StartupInfoLogger [main] Started MessageCalendarSyncApplication in 8.734 seconds (JVM running for 9.829)
2020-12-18 09:12:38,379 INFO org.apache.juli.logging.DirectJDKLog [http-nio-8081-exec-2] Initializing Spring DispatcherServlet 'dispatcherServlet'
2020-12-18 09:12:38,380 INFO org.springframework.web.servlet.FrameworkServlet [http-nio-8081-exec-2] Initializing Servlet 'dispatcherServlet'
2020-12-18 09:12:38,385 INFO org.springframework.web.servlet.FrameworkServlet [http-nio-8081-exec-2] Completed initialization in 4 ms
2020-12-18 09:13:26,492 INFO org.springframework.boot.StartupInfoLogger [main] Starting MessageCalendarSyncApplication using Java 1.8.0_144 on LAPTOP-LJ377Q8B with PID 2768 (D:\ProjetRonald\MessageCalendarSync\target\classes started by Yusuduck in D:\ProjetRonald\MessageCalendarSync)
2020-12-18 09:13:26,492 INFO org.springframework.boot.SpringApplication [main] No active profile set, falling back to default profiles: default
2020-12-18 09:13:27,789 INFO org.springframework.data.repository.config.RepositoryConfigurationDelegate [main] Bootstrapping Spring Data JPA repositories in DEFAULT mode.
2020-12-18 09:13:27,914 INFO org.springframework.data.repository.config.RepositoryConfigurationDelegate [main] Finished Spring Data repository scanning in 105 ms. Found 3 JPA repository interfaces.
2020-12-18 09:13:29,580 INFO org.springframework.boot.web.embedded.tomcat.TomcatWebServer [main] Tomcat initialized with port(s): 8081 (http)
2020-12-18 09:13:29,627 INFO org.apache.juli.logging.DirectJDKLog [main] Initializing ProtocolHandler ["http-nio-8081"]
2020-12-18 09:13:29,627 INFO org.apache.juli.logging.DirectJDKLog [main] Starting service [Tomcat]
2020-12-18 09:13:29,627 INFO org.apache.juli.logging.DirectJDKLog [main] Starting Servlet engine: [Apache Tomcat/9.0.41]
2020-12-18 09:13:30,023 INFO org.apache.juli.logging.DirectJDKLog [main] Initializing Spring embedded WebApplicationContext
2020-12-18 09:13:30,023 INFO org.springframework.boot.web.servlet.context.ServletWebServerApplicationContext [main] Root WebApplicationContext: initialization completed in 3390 ms
2020-12-18 09:13:30,649 INFO com.zaxxer.hikari.HikariDataSource [main] HikariPool-1 - Starting...
2020-12-18 09:13:32,024 INFO com.zaxxer.hikari.HikariDataSource [main] HikariPool-1 - Start completed.
2020-12-18 09:13:32,555 INFO org.hibernate.jpa.internal.util.LogHelper [main] HHH000204: Processing PersistenceUnitInfo [name: default]
2020-12-18 09:13:32,727 INFO org.hibernate.Version [main] HHH000412: Hibernate ORM core version 5.4.25.Final
2020-12-18 09:13:33,008 INFO org.hibernate.annotations.common.reflection.java.JavaReflectionManager [main] HCANN000001: Hibernate Commons Annotations {5.1.2.Final}
2020-12-18 09:13:33,258 INFO org.hibernate.dialect.Dialect [main] HHH000400: Using dialect: org.hibernate.dialect.PostgreSQL95Dialect
2020-12-18 09:13:34,154 WARN org.hibernate.engine.jdbc.spi.SqlExceptionHelper$StandardWarningHandler [main] SQL Warning Code: 0, SQLState: 00000
2020-12-18 09:13:34,154 WARN org.hibernate.engine.jdbc.spi.SqlExceptionHelper$StandardWarningHandler [main] DROP cascade sur contrainte fk_user_id sur table calendar
2020-12-18 09:13:34,154 WARN org.hibernate.engine.jdbc.spi.SqlExceptionHelper$StandardWarningHandler [main] SQL Warning Code: 0, SQLState: 00000
2020-12-18 09:13:34,154 WARN org.hibernate.engine.jdbc.spi.SqlExceptionHelper$StandardWarningHandler [main] la contrainte « fk_user_id » de la relation « calendar » n'existe pas, ignore
2020-12-18 09:13:34,201 INFO org.hibernate.engine.transaction.jta.platform.internal.JtaPlatformInitiator [main] HHH000490: Using JtaPlatform implementation: [org.hibernate.engine.transaction.jta.platform.internal.NoJtaPlatform]
2020-12-18 09:13:34,201 INFO org.springframework.orm.jpa.AbstractEntityManagerFactoryBean [main] Initialized JPA EntityManagerFactory for persistence unit 'default'
2020-12-18 09:13:34,638 WARN org.springframework.boot.autoconfigure.orm.jpa.JpaBaseConfiguration$JpaWebConfiguration [main] spring.jpa.open-in-view is enabled by default. Therefore, database queries may be performed during view rendering. Explicitly configure spring.jpa.open-in-view to disable this warning
2020-12-18 09:13:34,951 WARN com.google.api.client.util.store.FileDataStoreFactory [main] unable to change permissions for everybody: D:\ProjetRonald\MessageCalendarSync\tokens\gmail
2020-12-18 09:13:34,951 WARN com.google.api.client.util.store.FileDataStoreFactory [main] unable to change permissions for owner: D:\ProjetRonald\MessageCalendarSync\tokens\gmail
2020-12-18 09:13:35,029 WARN com.google.api.client.util.store.FileDataStoreFactory [main] unable to change permissions for everybody: D:\ProjetRonald\MessageCalendarSync\tokens\gmail
2020-12-18 09:13:35,029 WARN com.google.api.client.util.store.FileDataStoreFactory [main] unable to change permissions for owner: D:\ProjetRonald\MessageCalendarSync\tokens\gmail
2020-12-18 09:13:35,248 INFO org.springframework.security.web.DefaultSecurityFilterChain [main] Will secure any request with [org.springframework.security.web.context.request.async.WebAsyncManagerIntegrationFilter@77ecdc2b, org.springframework.security.web.context.SecurityContextPersistenceFilter@5c8ab9de, org.springframework.security.web.header.HeaderWriterFilter@d84418a, org.springframework.security.web.authentication.logout.LogoutFilter@59baf2c7, com.rdesouter.utils.JwtRequestFilter@f017dd0, org.springframework.security.web.savedrequest.RequestCacheAwareFilter@2e7bb00e, org.springframework.security.web.servletapi.SecurityContextHolderAwareRequestFilter@7b451bf4, org.springframework.security.web.authentication.AnonymousAuthenticationFilter@714f1a44, org.springframework.security.web.session.SessionManagementFilter@bfe47a8, org.springframework.security.web.access.ExceptionTranslationFilter@266da047, org.springframework.security.web.access.intercept.FilterSecurityInterceptor@502c2278]
2020-12-18 09:13:35,419 INFO org.springframework.scheduling.concurrent.ExecutorConfigurationSupport [main] Initializing ExecutorService 'applicationTaskExecutor'
2020-12-18 09:13:35,935 INFO org.springframework.scheduling.concurrent.ExecutorConfigurationSupport [main] Initializing ExecutorService 'taskScheduler'
2020-12-18 09:13:35,966 INFO org.apache.juli.logging.DirectJDKLog [main] Starting ProtocolHandler ["http-nio-8081"]
2020-12-18 09:13:35,982 INFO org.springframework.boot.web.embedded.tomcat.TomcatWebServer [main] Tomcat started on port(s): 8081 (http) with context path '/api'
2020-12-18 09:13:35,997 INFO org.springframework.boot.StartupInfoLogger [main] Started MessageCalendarSyncApplication in 10.495 seconds (JVM running for 11.456)
2020-12-18 09:13:45,409 INFO org.springframework.boot.StartupInfoLogger [main] Starting MessageCalendarSyncApplication using Java 1.8.0_144 on LAPTOP-LJ377Q8B with PID 8412 (D:\ProjetRonald\MessageCalendarSync\target\classes started by Yusuduck in D:\ProjetRonald\MessageCalendarSync)
2020-12-18 09:13:45,409 INFO org.springframework.boot.SpringApplication [main] No active profile set, falling back to default profiles: default
2020-12-18 09:13:46,893 INFO org.springframework.data.repository.config.RepositoryConfigurationDelegate [main] Bootstrapping Spring Data JPA repositories in DEFAULT mode.
2020-12-18 09:13:47,003 INFO org.springframework.data.repository.config.RepositoryConfigurationDelegate [main] Finished Spring Data repository scanning in 87 ms. Found 3 JPA repository interfaces.
2020-12-18 09:13:48,362 INFO org.springframework.boot.web.embedded.tomcat.TomcatWebServer [main] Tomcat initialized with port(s): 8081 (http)
2020-12-18 09:13:48,377 INFO org.apache.juli.logging.DirectJDKLog [main] Initializing ProtocolHandler ["http-nio-8081"]
2020-12-18 09:13:48,377 INFO org.apache.juli.logging.DirectJDKLog [main] Starting service [Tomcat]
2020-12-18 09:13:48,377 INFO org.apache.juli.logging.DirectJDKLog [main] Starting Servlet engine: [Apache Tomcat/9.0.41]
2020-12-18 09:13:48,534 INFO org.apache.juli.logging.DirectJDKLog [main] Initializing Spring embedded WebApplicationContext
2020-12-18 09:13:48,534 INFO org.springframework.boot.web.servlet.context.ServletWebServerApplicationContext [main] Root WebApplicationContext: initialization completed in 2937 ms
2020-12-18 09:13:48,674 INFO com.zaxxer.hikari.HikariDataSource [main] HikariPool-1 - Starting...
2020-12-18 09:13:49,565 INFO com.zaxxer.hikari.HikariDataSource [main] HikariPool-1 - Start completed.
2020-12-18 09:13:49,815 INFO org.hibernate.jpa.internal.util.LogHelper [main] HHH000204: Processing PersistenceUnitInfo [name: default]
2020-12-18 09:13:49,924 INFO org.hibernate.Version [main] HHH000412: Hibernate ORM core version 5.4.25.Final
2020-12-18 09:13:50,174 INFO org.hibernate.annotations.common.reflection.java.JavaReflectionManager [main] HCANN000001: Hibernate Commons Annotations {5.1.2.Final}
2020-12-18 09:13:50,424 INFO org.hibernate.dialect.Dialect [main] HHH000400: Using dialect: org.hibernate.dialect.PostgreSQL95Dialect
2020-12-18 09:13:51,533 WARN org.hibernate.engine.jdbc.spi.SqlExceptionHelper$StandardWarningHandler [main] SQL Warning Code: 0, SQLState: 00000
2020-12-18 09:13:51,533 WARN org.hibernate.engine.jdbc.spi.SqlExceptionHelper$StandardWarningHandler [main] DROP cascade sur contrainte fk_user_id sur table calendar
2020-12-18 09:13:51,533 WARN org.hibernate.engine.jdbc.spi.SqlExceptionHelper$StandardWarningHandler [main] SQL Warning Code: 0, SQLState: 00000
2020-12-18 09:13:51,533 WARN org.hibernate.engine.jdbc.spi.SqlExceptionHelper$StandardWarningHandler [main] la contrainte « fk_user_id » de la relation « calendar » n'existe pas, ignore
2020-12-18 09:13:51,689 INFO org.hibernate.engine.transaction.jta.platform.internal.JtaPlatformInitiator [main] HHH000490: Using JtaPlatform implementation: [org.hibernate.engine.transaction.jta.platform.internal.NoJtaPlatform]
2020-12-18 09:13:51,705 INFO org.springframework.orm.jpa.AbstractEntityManagerFactoryBean [main] Initialized JPA EntityManagerFactory for persistence unit 'default'
2020-12-18 09:13:52,205 WARN org.springframework.boot.autoconfigure.orm.jpa.JpaBaseConfiguration$JpaWebConfiguration [main] spring.jpa.open-in-view is enabled by default. Therefore, database queries may be performed during view rendering. Explicitly configure spring.jpa.open-in-view to disable this warning
2020-12-18 09:13:52,559 WARN com.google.api.client.util.store.FileDataStoreFactory [main] unable to change permissions for everybody: D:\ProjetRonald\MessageCalendarSync\tokens\gmail
2020-12-18 09:13:52,559 WARN com.google.api.client.util.store.FileDataStoreFactory [main] unable to change permissions for owner: D:\ProjetRonald\MessageCalendarSync\tokens\gmail
2020-12-18 09:13:52,653 WARN com.google.api.client.util.store.FileDataStoreFactory [main] unable to change permissions for everybody: D:\ProjetRonald\MessageCalendarSync\tokens\gmail
2020-12-18 09:13:52,653 WARN com.google.api.client.util.store.FileDataStoreFactory [main] unable to change permissions for owner: D:\ProjetRonald\MessageCalendarSync\tokens\gmail
2020-12-18 09:13:52,887 INFO org.springframework.security.web.DefaultSecurityFilterChain [main] Will secure any request with [org.springframework.security.web.context.request.async.WebAsyncManagerIntegrationFilter@30afb481, org.springframework.security.web.context.SecurityContextPersistenceFilter@bfe47a8, org.springframework.security.web.header.HeaderWriterFilter@266da047, org.springframework.security.web.authentication.logout.LogoutFilter@138a85d3, com.rdesouter.utils.JwtRequestFilter@aca3c85, org.springframework.security.web.savedrequest.RequestCacheAwareFilter@5c8ab9de, org.springframework.security.web.servletapi.SecurityContextHolderAwareRequestFilter@5fd18419, org.springframework.security.web.authentication.AnonymousAuthenticationFilter@5c573229, org.springframework.security.web.session.SessionManagementFilter@18dd7767, org.springframework.security.web.access.ExceptionTranslationFilter@2c6927f0, org.springframework.security.web.access.intercept.FilterSecurityInterceptor@49d42faf]
2020-12-18 09:13:53,074 INFO org.springframework.scheduling.concurrent.ExecutorConfigurationSupport [main] Initializing ExecutorService 'applicationTaskExecutor'
2020-12-18 09:13:53,652 INFO org.springframework.scheduling.concurrent.ExecutorConfigurationSupport [main] Initializing ExecutorService 'taskScheduler'
2020-12-18 09:13:53,684 INFO org.apache.juli.logging.DirectJDKLog [main] Starting ProtocolHandler ["http-nio-8081"]
2020-12-18 09:13:53,715 INFO org.springframework.boot.web.embedded.tomcat.TomcatWebServer [main] Tomcat started on port(s): 8081 (http) with context path '/api'
2020-12-18 09:13:53,730 INFO org.springframework.boot.StartupInfoLogger [main] Started MessageCalendarSyncApplication in 9.29 seconds (JVM running for 10.331)
2020-12-18 09:13:59,989 INFO org.apache.juli.logging.DirectJDKLog [http-nio-8081-exec-2] Initializing Spring DispatcherServlet 'dispatcherServlet'
2020-12-18 09:13:59,990 INFO org.springframework.web.servlet.FrameworkServlet [http-nio-8081-exec-2] Initializing Servlet 'dispatcherServlet'
2020-12-18 09:13:59,991 INFO org.springframework.web.servlet.FrameworkServlet [http-nio-8081-exec-2] Completed initialization in 1 ms
2020-12-18 22:22:32,987 INFO org.springframework.boot.StartupInfoLogger [main] Starting MessageCalendarSyncApplication using Java 1.8.0_144 on LAPTOP-LJ377Q8B with PID 1280 (D:\ProjetRonald\MessageCalendarSync\target\classes started by Yusuduck in D:\ProjetRonald\MessageCalendarSync)
2020-12-18 22:22:33,020 INFO org.springframework.boot.SpringApplication [main] No active profile set, falling back to default profiles: default
2020-12-18 22:22:34,421 INFO org.springframework.data.repository.config.RepositoryConfigurationDelegate [main] Bootstrapping Spring Data JPA repositories in DEFAULT mode.
2020-12-18 22:22:34,551 INFO org.springframework.data.repository.config.RepositoryConfigurationDelegate [main] Finished Spring Data repository scanning in 109 ms. Found 3 JPA repository interfaces.
2020-12-18 22:22:36,058 INFO org.springframework.boot.web.embedded.tomcat.TomcatWebServer [main] Tomcat initialized with port(s): 8081 (http)
2020-12-18 22:22:36,079 INFO org.apache.juli.logging.DirectJDKLog [main] Initializing ProtocolHandler ["http-nio-8081"]
2020-12-18 22:22:36,081 INFO org.apache.juli.logging.DirectJDKLog [main] Starting service [Tomcat]
2020-12-18 22:22:36,081 INFO org.apache.juli.logging.DirectJDKLog [main] Starting Servlet engine: [Apache Tomcat/9.0.41]
2020-12-18 22:22:36,248 INFO org.apache.juli.logging.DirectJDKLog [main] Initializing Spring embedded WebApplicationContext
2020-12-18 22:22:36,248 INFO org.springframework.boot.web.servlet.context.ServletWebServerApplicationContext [main] Root WebApplicationContext: initialization completed in 3107 ms
2020-12-18 22:22:36,507 INFO com.zaxxer.hikari.HikariDataSource [main] HikariPool-1 - Starting...
2020-12-18 22:22:37,501 INFO com.zaxxer.hikari.HikariDataSource [main] HikariPool-1 - Start completed.
2020-12-18 22:22:37,804 INFO org.hibernate.jpa.internal.util.LogHelper [main] HHH000204: Processing PersistenceUnitInfo [name: default]
2020-12-18 22:22:37,972 INFO org.hibernate.Version [main] HHH000412: Hibernate ORM core version 5.4.25.Final
2020-12-18 22:22:38,292 INFO org.hibernate.annotations.common.reflection.java.JavaReflectionManager [main] HCANN000001: Hibernate Commons Annotations {5.1.2.Final}
2020-12-18 22:22:38,546 INFO org.hibernate.dialect.Dialect [main] HHH000400: Using dialect: org.hibernate.dialect.PostgreSQL95Dialect
2020-12-18 22:22:39,851 WARN org.hibernate.engine.jdbc.spi.SqlExceptionHelper$StandardWarningHandler [main] SQL Warning Code: 0, SQLState: 00000
2020-12-18 22:22:39,851 WARN org.hibernate.engine.jdbc.spi.SqlExceptionHelper$StandardWarningHandler [main] DROP cascade sur contrainte fk_user_id sur table calendar
2020-12-18 22:22:39,854 WARN org.hibernate.engine.jdbc.spi.SqlExceptionHelper$StandardWarningHandler [main] SQL Warning Code: 0, SQLState: 00000
2020-12-18 22:22:39,854 WARN org.hibernate.engine.jdbc.spi.SqlExceptionHelper$StandardWarningHandler [main] la contrainte « fk_user_id » de la relation « calendar » n'existe pas, ignore
2020-12-18 22:22:39,971 INFO org.hibernate.engine.transaction.jta.platform.internal.JtaPlatformInitiator [main] HHH000490: Using JtaPlatform implementation: [org.hibernate.engine.transaction.jta.platform.internal.NoJtaPlatform]
2020-12-18 22:22:39,984 INFO org.springframework.orm.jpa.AbstractEntityManagerFactoryBean [main] Initialized JPA EntityManagerFactory for persistence unit 'default'
2020-12-18 22:22:40,605 WARN org.springframework.boot.autoconfigure.orm.jpa.JpaBaseConfiguration$JpaWebConfiguration [main] spring.jpa.open-in-view is enabled by default. Therefore, database queries may be performed during view rendering. Explicitly configure spring.jpa.open-in-view to disable this warning
2020-12-18 22:22:40,963 WARN com.google.api.client.util.store.FileDataStoreFactory [main] unable to change permissions for everybody: D:\ProjetRonald\MessageCalendarSync\tokens\gmail
2020-12-18 22:22:40,966 WARN com.google.api.client.util.store.FileDataStoreFactory [main] unable to change permissions for owner: D:\ProjetRonald\MessageCalendarSync\tokens\gmail
2020-12-18 22:22:41,063 WARN com.google.api.client.util.store.FileDataStoreFactory [main] unable to change permissions for everybody: D:\ProjetRonald\MessageCalendarSync\tokens\gmail
2020-12-18 22:22:41,063 WARN com.google.api.client.util.store.FileDataStoreFactory [main] unable to change permissions for owner: D:\ProjetRonald\MessageCalendarSync\tokens\gmail
2020-12-18 22:22:41,349 INFO org.springframework.security.web.DefaultSecurityFilterChain [main] Will secure any request with [org.springframework.security.web.context.request.async.WebAsyncManagerIntegrationFilter@25fd6d1e, org.springframework.security.web.context.SecurityContextPersistenceFilter@844e66d, org.springframework.security.web.header.HeaderWriterFilter@5c8ab9de, org.springframework.security.web.authentication.logout.LogoutFilter@c318864, com.rdesouter.utils.JwtRequestFilter@372954e1, org.springframework.security.web.savedrequest.RequestCacheAwareFilter@26a45089, org.springframework.security.web.servletapi.SecurityContextHolderAwareRequestFilter@33e50ff2, org.springframework.security.web.authentication.AnonymousAuthenticationFilter@23396fc0, org.springframework.security.web.session.SessionManagementFilter@3a88f6fb, org.springframework.security.web.access.ExceptionTranslationFilter@bfe47a8, org.springframework.security.web.access.intercept.FilterSecurityInterceptor@3c09a350]
2020-12-18 22:22:41,528 INFO org.springframework.scheduling.concurrent.ExecutorConfigurationSupport [main] Initializing ExecutorService 'applicationTaskExecutor'
2020-12-18 22:22:41,911 INFO org.springframework.scheduling.concurrent.ExecutorConfigurationSupport [main] Initializing ExecutorService 'taskScheduler'
2020-12-18 22:22:41,936 INFO org.apache.juli.logging.DirectJDKLog [main] Starting ProtocolHandler ["http-nio-8081"]
2020-12-18 22:22:42,237 INFO org.springframework.boot.web.embedded.tomcat.TomcatWebServer [main] Tomcat started on port(s): 8081 (http) with context path '/api'
2020-12-18 22:22:42,262 INFO org.springframework.boot.StartupInfoLogger [main] Started MessageCalendarSyncApplication in 10.484 seconds (JVM running for 11.881)
2020-12-18 22:23:12,701 INFO org.apache.juli.logging.DirectJDKLog [http-nio-8081-exec-2] Initializing Spring DispatcherServlet 'dispatcherServlet'
2020-12-18 22:23:12,702 INFO org.springframework.web.servlet.FrameworkServlet [http-nio-8081-exec-2] Initializing Servlet 'dispatcherServlet'
2020-12-18 22:23:12,705 INFO org.springframework.web.servlet.FrameworkServlet [http-nio-8081-exec-2] Completed initialization in 1 ms
2020-12-18 22:25:55,990 INFO org.springframework.boot.StartupInfoLogger [main] Starting MessageCalendarSyncApplication using Java 1.8.0_144 on LAPTOP-LJ377Q8B with PID 20220 (D:\ProjetRonald\MessageCalendarSync\target\classes started by Yusuduck in D:\ProjetRonald\MessageCalendarSync)
2020-12-18 22:25:56,006 INFO org.springframework.boot.SpringApplication [main] No active profile set, falling back to default profiles: default
2020-12-18 22:25:57,349 INFO org.springframework.data.repository.config.RepositoryConfigurationDelegate [main] Bootstrapping Spring Data JPA repositories in DEFAULT mode.
2020-12-18 22:25:57,443 INFO org.springframework.data.repository.config.RepositoryConfigurationDelegate [main] Finished Spring Data repository scanning in 75 ms. Found 3 JPA repository interfaces.
2020-12-18 22:25:58,599 INFO org.springframework.boot.web.embedded.tomcat.TomcatWebServer [main] Tomcat initialized with port(s): 8081 (http)
2020-12-18 22:25:58,615 INFO org.apache.juli.logging.DirectJDKLog [main] Initializing ProtocolHandler ["http-nio-8081"]
2020-12-18 22:25:58,615 INFO org.apache.juli.logging.DirectJDKLog [main] Starting service [Tomcat]
2020-12-18 22:25:58,615 INFO org.apache.juli.logging.DirectJDKLog [main] Starting Servlet engine: [Apache Tomcat/9.0.41]
2020-12-18 22:25:58,755 INFO org.apache.juli.logging.DirectJDKLog [main] Initializing Spring embedded WebApplicationContext
2020-12-18 22:25:58,755 INFO org.springframework.boot.web.servlet.context.ServletWebServerApplicationContext [main] Root WebApplicationContext: initialization completed in 2671 ms
2020-12-18 22:25:58,896 WARN org.springframework.boot.autoconfigure.orm.jpa.JpaBaseConfiguration$JpaWebConfiguration [main] spring.jpa.open-in-view is enabled by default. Therefore, database queries may be performed during view rendering. Explicitly configure spring.jpa.open-in-view to disable this warning
2020-12-18 22:25:58,943 INFO com.zaxxer.hikari.HikariDataSource [main] HikariPool-1 - Starting...
2020-12-18 22:25:59,762 INFO com.zaxxer.hikari.HikariDataSource [main] HikariPool-1 - Start completed.
2020-12-18 22:25:59,980 INFO org.hibernate.jpa.internal.util.LogHelper [main] HHH000204: Processing PersistenceUnitInfo [name: default]
2020-12-18 22:26:00,090 INFO org.hibernate.Version [main] HHH000412: Hibernate ORM core version 5.4.25.Final
2020-12-18 22:26:00,308 INFO org.hibernate.annotations.common.reflection.java.JavaReflectionManager [main] HCANN000001: Hibernate Commons Annotations {5.1.2.Final}
2020-12-18 22:26:00,532 INFO org.hibernate.dialect.Dialect [main] HHH000400: Using dialect: org.hibernate.dialect.PostgreSQL95Dialect
2020-12-18 22:26:01,416 WARN org.hibernate.engine.jdbc.spi.SqlExceptionHelper$StandardWarningHandler [main] SQL Warning Code: 0, SQLState: 00000
2020-12-18 22:26:01,416 WARN org.hibernate.engine.jdbc.spi.SqlExceptionHelper$StandardWarningHandler [main] DROP cascade sur contrainte fk_user_id sur table calendar
2020-12-18 22:26:01,416 WARN org.hibernate.engine.jdbc.spi.SqlExceptionHelper$StandardWarningHandler [main] SQL Warning Code: 0, SQLState: 00000
2020-12-18 22:26:01,416 WARN org.hibernate.engine.jdbc.spi.SqlExceptionHelper$StandardWarningHandler [main] la contrainte « fk_user_id » de la relation « calendar » n'existe pas, ignore
2020-12-18 22:26:01,478 INFO org.hibernate.engine.transaction.jta.platform.internal.JtaPlatformInitiator [main] HHH000490: Using JtaPlatform implementation: [org.hibernate.engine.transaction.jta.platform.internal.NoJtaPlatform]
2020-12-18 22:26:01,478 INFO org.springframework.orm.jpa.AbstractEntityManagerFactoryBean [main] Initialized JPA EntityManagerFactory for persistence unit 'default'
2020-12-18 22:26:01,509 ERROR org.springframework.boot.web.embedded.tomcat.TomcatStarter [main] Error starting Tomcat context. Exception: org.springframework.beans.factory.UnsatisfiedDependencyException. Message: Error creating bean with name 'jwtRequestFilter': Unsatisfied dependency expressed through field 'userService'; nested exception is org.springframework.beans.factory.UnsatisfiedDependencyException: Error creating bean with name 'userService' defined in file [D:\ProjetRonald\MessageCalendarSync\target\classes\com\rdesouter\service\UserService.class]: Unsatisfied dependency expressed through constructor parameter 0; nested exception is org.springframework.beans.factory.UnsatisfiedDependencyException: Error creating bean with name 'securityConfigurer': Unsatisfied dependency expressed through field 'userService'; nested exception is org.springframework.beans.factory.BeanCurrentlyInCreationException: Error creating bean with name 'userService': Requested bean is currently in creation: Is there an unresolvable circular reference?
2020-12-18 22:26:01,541 INFO org.apache.juli.logging.DirectJDKLog [main] Stopping service [Tomcat]
2020-12-18 22:26:01,556 WARN org.apache.juli.logging.DirectJDKLog [main] The web application [api] appears to have started a thread named [HikariPool-1 housekeeper] but has failed to stop it. This is very likely to create a memory leak. Stack trace of thread:
 sun.misc.Unsafe.park(Native Method)
 java.util.concurrent.locks.LockSupport.parkNanos(LockSupport.java:215)
 java.util.concurrent.locks.AbstractQueuedSynchronizer$ConditionObject.awaitNanos(AbstractQueuedSynchronizer.java:2078)
 java.util.concurrent.ScheduledThreadPoolExecutor$DelayedWorkQueue.take(ScheduledThreadPoolExecutor.java:1093)
 java.util.concurrent.ScheduledThreadPoolExecutor$DelayedWorkQueue.take(ScheduledThreadPoolExecutor.java:809)
 java.util.concurrent.ThreadPoolExecutor.getTask(ThreadPoolExecutor.java:1074)
 java.util.concurrent.ThreadPoolExecutor.runWorker(ThreadPoolExecutor.java:1134)
 java.util.concurrent.ThreadPoolExecutor$Worker.run(ThreadPoolExecutor.java:624)
 java.lang.Thread.run(Thread.java:748)
2020-12-18 22:26:01,556 WARN org.apache.juli.logging.DirectJDKLog [main] The web application [api] appears to have started a thread named [HikariPool-1 connection adder] but has failed to stop it. This is very likely to create a memory leak. Stack trace of thread:
 sun.misc.Unsafe.park(Native Method)
 java.util.concurrent.locks.LockSupport.parkNanos(LockSupport.java:215)
 java.util.concurrent.locks.AbstractQueuedSynchronizer$ConditionObject.awaitNanos(AbstractQueuedSynchronizer.java:2078)
 java.util.concurrent.LinkedBlockingQueue.poll(LinkedBlockingQueue.java:467)
 java.util.concurrent.ThreadPoolExecutor.getTask(ThreadPoolExecutor.java:1073)
 java.util.concurrent.ThreadPoolExecutor.runWorker(ThreadPoolExecutor.java:1134)
 java.util.concurrent.ThreadPoolExecutor$Worker.run(ThreadPoolExecutor.java:624)
 java.lang.Thread.run(Thread.java:748)
2020-12-18 22:26:01,556 WARN org.springframework.context.support.AbstractApplicationContext [main] Exception encountered during context initialization - cancelling refresh attempt: org.springframework.context.ApplicationContextException: Unable to start web server; nested exception is org.springframework.boot.web.server.WebServerException: Unable to start embedded Tomcat
2020-12-18 22:26:01,556 INFO org.springframework.orm.jpa.AbstractEntityManagerFactoryBean [main] Closing JPA EntityManagerFactory for persistence unit 'default'
2020-12-18 22:26:01,556 INFO com.zaxxer.hikari.HikariDataSource [main] HikariPool-1 - Shutdown initiated...
2020-12-18 22:26:01,572 INFO com.zaxxer.hikari.HikariDataSource [main] HikariPool-1 - Shutdown completed.
2020-12-18 22:26:01,697 INFO org.springframework.boot.autoconfigure.logging.ConditionEvaluationReportLoggingListener [main] 

Error starting ApplicationContext. To display the conditions report re-run your application with 'debug' enabled.
2020-12-18 22:26:01,790 ERROR org.springframework.boot.diagnostics.LoggingFailureAnalysisReporter [main] 

***************************
APPLICATION FAILED TO START
***************************

Description:

The dependencies of some of the beans in the application context form a cycle:

   jwtRequestFilter (field private com.rdesouter.service.UserService com.rdesouter.utils.JwtRequestFilter.userService)
┌─────┐
|  userService defined in file [D:\ProjetRonald\MessageCalendarSync\target\classes\com\rdesouter\service\UserService.class]
↑     ↓
|  securityConfigurer (field private com.rdesouter.service.UserService com.rdesouter.security.SecurityConfigurer.userService)
└─────┘


2020-12-18 22:26:48,274 INFO org.springframework.boot.StartupInfoLogger [main] Starting MessageCalendarSyncApplication using Java 1.8.0_144 on LAPTOP-LJ377Q8B with PID 19592 (D:\ProjetRonald\MessageCalendarSync\target\classes started by Yusuduck in D:\ProjetRonald\MessageCalendarSync)
2020-12-18 22:26:48,290 INFO org.springframework.boot.SpringApplication [main] No active profile set, falling back to default profiles: default
2020-12-18 22:26:49,680 INFO org.springframework.data.repository.config.RepositoryConfigurationDelegate [main] Bootstrapping Spring Data JPA repositories in DEFAULT mode.
2020-12-18 22:26:49,789 INFO org.springframework.data.repository.config.RepositoryConfigurationDelegate [main] Finished Spring Data repository scanning in 83 ms. Found 3 JPA repository interfaces.
2020-12-18 22:26:50,929 INFO org.springframework.boot.web.embedded.tomcat.TomcatWebServer [main] Tomcat initialized with port(s): 8081 (http)
2020-12-18 22:26:50,945 INFO org.apache.juli.logging.DirectJDKLog [main] Initializing ProtocolHandler ["http-nio-8081"]
2020-12-18 22:26:50,945 INFO org.apache.juli.logging.DirectJDKLog [main] Starting service [Tomcat]
2020-12-18 22:26:50,945 INFO org.apache.juli.logging.DirectJDKLog [main] Starting Servlet engine: [Apache Tomcat/9.0.41]
2020-12-18 22:26:51,116 INFO org.apache.juli.logging.DirectJDKLog [main] Initializing Spring embedded WebApplicationContext
2020-12-18 22:26:51,116 INFO org.springframework.boot.web.servlet.context.ServletWebServerApplicationContext [main] Root WebApplicationContext: initialization completed in 2701 ms
2020-12-18 22:26:51,257 INFO com.zaxxer.hikari.HikariDataSource [main] HikariPool-1 - Starting...
2020-12-18 22:26:52,085 INFO com.zaxxer.hikari.HikariDataSource [main] HikariPool-1 - Start completed.
2020-12-18 22:26:52,288 INFO org.hibernate.jpa.internal.util.LogHelper [main] HHH000204: Processing PersistenceUnitInfo [name: default]
2020-12-18 22:26:52,413 INFO org.hibernate.Version [main] HHH000412: Hibernate ORM core version 5.4.25.Final
2020-12-18 22:26:52,679 INFO org.hibernate.annotations.common.reflection.java.JavaReflectionManager [main] HCANN000001: Hibernate Commons Annotations {5.1.2.Final}
2020-12-18 22:26:52,897 INFO org.hibernate.dialect.Dialect [main] HHH000400: Using dialect: org.hibernate.dialect.PostgreSQL95Dialect
2020-12-18 22:26:53,756 WARN org.hibernate.engine.jdbc.spi.SqlExceptionHelper$StandardWarningHandler [main] SQL Warning Code: 0, SQLState: 00000
2020-12-18 22:26:53,756 WARN org.hibernate.engine.jdbc.spi.SqlExceptionHelper$StandardWarningHandler [main] DROP cascade sur contrainte fk_user_id sur table calendar
2020-12-18 22:26:53,756 WARN org.hibernate.engine.jdbc.spi.SqlExceptionHelper$StandardWarningHandler [main] SQL Warning Code: 0, SQLState: 00000
2020-12-18 22:26:53,756 WARN org.hibernate.engine.jdbc.spi.SqlExceptionHelper$StandardWarningHandler [main] la contrainte « fk_user_id » de la relation « calendar » n'existe pas, ignore
2020-12-18 22:26:53,803 INFO org.hibernate.engine.transaction.jta.platform.internal.JtaPlatformInitiator [main] HHH000490: Using JtaPlatform implementation: [org.hibernate.engine.transaction.jta.platform.internal.NoJtaPlatform]
2020-12-18 22:26:53,819 INFO org.springframework.orm.jpa.AbstractEntityManagerFactoryBean [main] Initialized JPA EntityManagerFactory for persistence unit 'default'
2020-12-18 22:26:54,241 WARN org.springframework.boot.autoconfigure.orm.jpa.JpaBaseConfiguration$JpaWebConfiguration [main] spring.jpa.open-in-view is enabled by default. Therefore, database queries may be performed during view rendering. Explicitly configure spring.jpa.open-in-view to disable this warning
2020-12-18 22:26:54,584 WARN com.google.api.client.util.store.FileDataStoreFactory [main] unable to change permissions for everybody: D:\ProjetRonald\MessageCalendarSync\tokens\gmail
2020-12-18 22:26:54,584 WARN com.google.api.client.util.store.FileDataStoreFactory [main] unable to change permissions for owner: D:\ProjetRonald\MessageCalendarSync\tokens\gmail
2020-12-18 22:26:54,631 WARN com.google.api.client.util.store.FileDataStoreFactory [main] unable to change permissions for everybody: D:\ProjetRonald\MessageCalendarSync\tokens\gmail
2020-12-18 22:26:54,647 WARN com.google.api.client.util.store.FileDataStoreFactory [main] unable to change permissions for owner: D:\ProjetRonald\MessageCalendarSync\tokens\gmail
2020-12-18 22:26:54,850 INFO org.springframework.security.web.DefaultSecurityFilterChain [main] Will secure any request with [org.springframework.security.web.context.request.async.WebAsyncManagerIntegrationFilter@23396fc0, org.springframework.security.web.context.SecurityContextPersistenceFilter@5b665a30, org.springframework.security.web.header.HeaderWriterFilter@57416e49, org.springframework.security.web.authentication.logout.LogoutFilter@7d61468c, com.rdesouter.utils.JwtRequestFilter@51fe7f15, org.springframework.security.web.savedrequest.RequestCacheAwareFilter@75ed7512, org.springframework.security.web.servletapi.SecurityContextHolderAwareRequestFilter@7ab33ca8, org.springframework.security.web.authentication.AnonymousAuthenticationFilter@c11332b, org.springframework.security.web.session.SessionManagementFilter@7b451bf4, org.springframework.security.web.access.ExceptionTranslationFilter@2f1f9515, org.springframework.security.web.access.intercept.FilterSecurityInterceptor@592a1882]
2020-12-18 22:26:55,006 INFO org.springframework.scheduling.concurrent.ExecutorConfigurationSupport [main] Initializing ExecutorService 'applicationTaskExecutor'
2020-12-18 22:26:55,319 INFO org.springframework.scheduling.concurrent.ExecutorConfigurationSupport [main] Initializing ExecutorService 'taskScheduler'
2020-12-18 22:26:55,350 INFO org.apache.juli.logging.DirectJDKLog [main] Starting ProtocolHandler ["http-nio-8081"]
2020-12-18 22:26:55,522 INFO org.springframework.boot.web.embedded.tomcat.TomcatWebServer [main] Tomcat started on port(s): 8081 (http) with context path '/api'
2020-12-18 22:26:55,553 INFO org.springframework.boot.StartupInfoLogger [main] Started MessageCalendarSyncApplication in 8.143 seconds (JVM running for 9.095)
2020-12-18 22:27:27,910 INFO org.springframework.boot.StartupInfoLogger [main] Starting MessageCalendarSyncApplication using Java 1.8.0_144 on LAPTOP-LJ377Q8B with PID 7876 (D:\ProjetRonald\MessageCalendarSync\target\classes started by Yusuduck in D:\ProjetRonald\MessageCalendarSync)
2020-12-18 22:27:27,910 INFO org.springframework.boot.SpringApplication [main] No active profile set, falling back to default profiles: default
2020-12-18 22:27:29,160 INFO org.springframework.data.repository.config.RepositoryConfigurationDelegate [main] Bootstrapping Spring Data JPA repositories in DEFAULT mode.
2020-12-18 22:27:29,238 INFO org.springframework.data.repository.config.RepositoryConfigurationDelegate [main] Finished Spring Data repository scanning in 72 ms. Found 3 JPA repository interfaces.
2020-12-18 22:27:30,366 INFO org.springframework.boot.web.embedded.tomcat.TomcatWebServer [main] Tomcat initialized with port(s): 8081 (http)
2020-12-18 22:27:30,381 INFO org.apache.juli.logging.DirectJDKLog [main] Initializing ProtocolHandler ["http-nio-8081"]
2020-12-18 22:27:30,381 INFO org.apache.juli.logging.DirectJDKLog [main] Starting service [Tomcat]
2020-12-18 22:27:30,381 INFO org.apache.juli.logging.DirectJDKLog [main] Starting Servlet engine: [Apache Tomcat/9.0.41]
2020-12-18 22:27:30,522 INFO org.apache.juli.logging.DirectJDKLog [main] Initializing Spring embedded WebApplicationContext
2020-12-18 22:27:30,522 INFO org.springframework.boot.web.servlet.context.ServletWebServerApplicationContext [main] Root WebApplicationContext: initialization completed in 2487 ms
2020-12-18 22:27:30,694 INFO com.zaxxer.hikari.HikariDataSource [main] HikariPool-1 - Starting...
2020-12-18 22:27:31,459 INFO com.zaxxer.hikari.HikariDataSource [main] HikariPool-1 - Start completed.
2020-12-18 22:27:31,709 INFO org.hibernate.jpa.internal.util.LogHelper [main] HHH000204: Processing PersistenceUnitInfo [name: default]
2020-12-18 22:27:31,834 INFO org.hibernate.Version [main] HHH000412: Hibernate ORM core version 5.4.25.Final
2020-12-18 22:27:32,100 INFO org.hibernate.annotations.common.reflection.java.JavaReflectionManager [main] HCANN000001: Hibernate Commons Annotations {5.1.2.Final}
2020-12-18 22:27:32,319 INFO org.hibernate.dialect.Dialect [main] HHH000400: Using dialect: org.hibernate.dialect.PostgreSQL95Dialect
2020-12-18 22:27:33,162 WARN org.hibernate.engine.jdbc.spi.SqlExceptionHelper$StandardWarningHandler [main] SQL Warning Code: 0, SQLState: 00000
2020-12-18 22:27:33,162 WARN org.hibernate.engine.jdbc.spi.SqlExceptionHelper$StandardWarningHandler [main] DROP cascade sur contrainte fk_user_id sur table calendar
2020-12-18 22:27:33,162 WARN org.hibernate.engine.jdbc.spi.SqlExceptionHelper$StandardWarningHandler [main] SQL Warning Code: 0, SQLState: 00000
2020-12-18 22:27:33,162 WARN org.hibernate.engine.jdbc.spi.SqlExceptionHelper$StandardWarningHandler [main] la contrainte « fk_user_id » de la relation « calendar » n'existe pas, ignore
2020-12-18 22:27:33,209 INFO org.hibernate.engine.transaction.jta.platform.internal.JtaPlatformInitiator [main] HHH000490: Using JtaPlatform implementation: [org.hibernate.engine.transaction.jta.platform.internal.NoJtaPlatform]
2020-12-18 22:27:33,209 INFO org.springframework.orm.jpa.AbstractEntityManagerFactoryBean [main] Initialized JPA EntityManagerFactory for persistence unit 'default'
2020-12-18 22:27:33,678 WARN org.springframework.boot.autoconfigure.orm.jpa.JpaBaseConfiguration$JpaWebConfiguration [main] spring.jpa.open-in-view is enabled by default. Therefore, database queries may be performed during view rendering. Explicitly configure spring.jpa.open-in-view to disable this warning
2020-12-18 22:27:33,974 WARN com.google.api.client.util.store.FileDataStoreFactory [main] unable to change permissions for everybody: D:\ProjetRonald\MessageCalendarSync\tokens\gmail
2020-12-18 22:27:33,974 WARN com.google.api.client.util.store.FileDataStoreFactory [main] unable to change permissions for owner: D:\ProjetRonald\MessageCalendarSync\tokens\gmail
2020-12-18 22:27:34,037 WARN com.google.api.client.util.store.FileDataStoreFactory [main] unable to change permissions for everybody: D:\ProjetRonald\MessageCalendarSync\tokens\gmail
2020-12-18 22:27:34,037 WARN com.google.api.client.util.store.FileDataStoreFactory [main] unable to change permissions for owner: D:\ProjetRonald\MessageCalendarSync\tokens\gmail
2020-12-18 22:27:34,240 INFO org.springframework.security.web.DefaultSecurityFilterChain [main] Will secure any request with [org.springframework.security.web.context.request.async.WebAsyncManagerIntegrationFilter@30c01c37, org.springframework.security.web.context.SecurityContextPersistenceFilter@5b3518e1, org.springframework.security.web.header.HeaderWriterFilter@18dd7767, org.springframework.security.web.authentication.logout.LogoutFilter@3e8b8f0, com.rdesouter.utils.JwtRequestFilter@41a16eb3, org.springframework.security.web.savedrequest.RequestCacheAwareFilter@3a88f6fb, org.springframework.security.web.servletapi.SecurityContextHolderAwareRequestFilter@33ebe4f0, org.springframework.security.web.authentication.AnonymousAuthenticationFilter@39a7eca5, org.springframework.security.web.session.SessionManagementFilter@74d22ddd, org.springframework.security.web.access.ExceptionTranslationFilter@74eec640, org.springframework.security.web.access.intercept.FilterSecurityInterceptor@30afb481]
2020-12-18 22:27:34,443 INFO org.springframework.scheduling.concurrent.ExecutorConfigurationSupport [main] Initializing ExecutorService 'applicationTaskExecutor'
2020-12-18 22:27:34,927 INFO org.springframework.scheduling.concurrent.ExecutorConfigurationSupport [main] Initializing ExecutorService 'taskScheduler'
2020-12-18 22:27:34,959 INFO org.apache.juli.logging.DirectJDKLog [main] Starting ProtocolHandler ["http-nio-8081"]
2020-12-18 22:27:34,990 INFO org.springframework.boot.web.embedded.tomcat.TomcatWebServer [main] Tomcat started on port(s): 8081 (http) with context path '/api'
2020-12-18 22:27:35,005 INFO org.springframework.boot.StartupInfoLogger [main] Started MessageCalendarSyncApplication in 7.893 seconds (JVM running for 8.782)
2020-12-18 22:27:40,899 INFO org.apache.juli.logging.DirectJDKLog [http-nio-8081-exec-2] Initializing Spring DispatcherServlet 'dispatcherServlet'
2020-12-18 22:27:40,900 INFO org.springframework.web.servlet.FrameworkServlet [http-nio-8081-exec-2] Initializing Servlet 'dispatcherServlet'
2020-12-18 22:27:40,902 INFO org.springframework.web.servlet.FrameworkServlet [http-nio-8081-exec-2] Completed initialization in 2 ms
2020-12-18 22:30:36,864 INFO org.springframework.boot.StartupInfoLogger [main] Starting MessageCalendarSyncApplication using Java 1.8.0_144 on LAPTOP-LJ377Q8B with PID 14988 (D:\ProjetRonald\MessageCalendarSync\target\classes started by Yusuduck in D:\ProjetRonald\MessageCalendarSync)
2020-12-18 22:30:36,864 INFO org.springframework.boot.SpringApplication [main] No active profile set, falling back to default profiles: default
2020-12-18 22:30:38,036 INFO org.springframework.data.repository.config.RepositoryConfigurationDelegate [main] Bootstrapping Spring Data JPA repositories in DEFAULT mode.
2020-12-18 22:30:38,145 INFO org.springframework.data.repository.config.RepositoryConfigurationDelegate [main] Finished Spring Data repository scanning in 98 ms. Found 3 JPA repository interfaces.
2020-12-18 22:30:39,551 INFO org.springframework.boot.web.embedded.tomcat.TomcatWebServer [main] Tomcat initialized with port(s): 8081 (http)
2020-12-18 22:30:39,567 INFO org.apache.juli.logging.DirectJDKLog [main] Initializing ProtocolHandler ["http-nio-8081"]
2020-12-18 22:30:39,567 INFO org.apache.juli.logging.DirectJDKLog [main] Starting service [Tomcat]
2020-12-18 22:30:39,567 INFO org.apache.juli.logging.DirectJDKLog [main] Starting Servlet engine: [Apache Tomcat/9.0.41]
2020-12-18 22:30:39,739 INFO org.apache.juli.logging.DirectJDKLog [main] Initializing Spring embedded WebApplicationContext
2020-12-18 22:30:39,739 INFO org.springframework.boot.web.servlet.context.ServletWebServerApplicationContext [main] Root WebApplicationContext: initialization completed in 2750 ms
2020-12-18 22:30:39,926 INFO com.zaxxer.hikari.HikariDataSource [main] HikariPool-1 - Starting...
2020-12-18 22:30:40,785 INFO com.zaxxer.hikari.HikariDataSource [main] HikariPool-1 - Start completed.
2020-12-18 22:30:41,067 INFO org.hibernate.jpa.internal.util.LogHelper [main] HHH000204: Processing PersistenceUnitInfo [name: default]
2020-12-18 22:30:41,223 INFO org.hibernate.Version [main] HHH000412: Hibernate ORM core version 5.4.25.Final
2020-12-18 22:30:41,535 INFO org.hibernate.annotations.common.reflection.java.JavaReflectionManager [main] HCANN000001: Hibernate Commons Annotations {5.1.2.Final}
2020-12-18 22:30:41,770 INFO org.hibernate.dialect.Dialect [main] HHH000400: Using dialect: org.hibernate.dialect.PostgreSQL95Dialect
2020-12-18 22:30:43,135 WARN org.hibernate.engine.jdbc.spi.SqlExceptionHelper$StandardWarningHandler [main] SQL Warning Code: 0, SQLState: 00000
2020-12-18 22:30:43,135 WARN org.hibernate.engine.jdbc.spi.SqlExceptionHelper$StandardWarningHandler [main] DROP cascade sur contrainte fk_user_id sur table calendar
2020-12-18 22:30:43,135 WARN org.hibernate.engine.jdbc.spi.SqlExceptionHelper$StandardWarningHandler [main] SQL Warning Code: 0, SQLState: 00000
2020-12-18 22:30:43,135 WARN org.hibernate.engine.jdbc.spi.SqlExceptionHelper$StandardWarningHandler [main] la contrainte « fk_user_id » de la relation « calendar » n'existe pas, ignore
2020-12-18 22:30:43,182 INFO org.hibernate.engine.transaction.jta.platform.internal.JtaPlatformInitiator [main] HHH000490: Using JtaPlatform implementation: [org.hibernate.engine.transaction.jta.platform.internal.NoJtaPlatform]
2020-12-18 22:30:43,197 INFO org.springframework.orm.jpa.AbstractEntityManagerFactoryBean [main] Initialized JPA EntityManagerFactory for persistence unit 'default'
2020-12-18 22:30:43,803 WARN org.springframework.boot.autoconfigure.orm.jpa.JpaBaseConfiguration$JpaWebConfiguration [main] spring.jpa.open-in-view is enabled by default. Therefore, database queries may be performed during view rendering. Explicitly configure spring.jpa.open-in-view to disable this warning
2020-12-18 22:30:44,162 WARN com.google.api.client.util.store.FileDataStoreFactory [main] unable to change permissions for everybody: D:\ProjetRonald\MessageCalendarSync\tokens\gmail
2020-12-18 22:30:44,162 WARN com.google.api.client.util.store.FileDataStoreFactory [main] unable to change permissions for owner: D:\ProjetRonald\MessageCalendarSync\tokens\gmail
2020-12-18 22:30:44,318 WARN com.google.api.client.util.store.FileDataStoreFactory [main] unable to change permissions for everybody: D:\ProjetRonald\MessageCalendarSync\tokens\gmail
2020-12-18 22:30:44,318 WARN com.google.api.client.util.store.FileDataStoreFactory [main] unable to change permissions for owner: D:\ProjetRonald\MessageCalendarSync\tokens\gmail
2020-12-18 22:30:44,584 INFO org.springframework.security.web.DefaultSecurityFilterChain [main] Will secure any request with [org.springframework.security.web.context.request.async.WebAsyncManagerIntegrationFilter@bf18412, org.springframework.security.web.context.SecurityContextPersistenceFilter@7fcbc336, org.springframework.security.web.header.HeaderWriterFilter@19540247, org.springframework.security.web.authentication.logout.LogoutFilter@7535307c, com.rdesouter.utils.JwtRequestFilter@206bd7a0, org.springframework.security.web.savedrequest.RequestCacheAwareFilter@61503d00, org.springframework.security.web.servletapi.SecurityContextHolderAwareRequestFilter@66e218d8, org.springframework.security.web.authentication.AnonymousAuthenticationFilter@5da2966, org.springframework.security.web.session.SessionManagementFilter@6be2b567, org.springframework.security.web.access.ExceptionTranslationFilter@7d8d671b, org.springframework.security.web.access.intercept.FilterSecurityInterceptor@5703c1fb]
2020-12-18 22:30:44,787 INFO org.springframework.scheduling.concurrent.ExecutorConfigurationSupport [main] Initializing ExecutorService 'applicationTaskExecutor'
2020-12-18 22:30:45,349 INFO org.springframework.scheduling.concurrent.ExecutorConfigurationSupport [main] Initializing ExecutorService 'taskScheduler'
2020-12-18 22:30:45,381 INFO org.apache.juli.logging.DirectJDKLog [main] Starting ProtocolHandler ["http-nio-8081"]
2020-12-18 22:30:45,412 INFO org.springframework.boot.web.embedded.tomcat.TomcatWebServer [main] Tomcat started on port(s): 8081 (http) with context path '/api'
2020-12-18 22:30:45,443 INFO org.springframework.boot.StartupInfoLogger [main] Started MessageCalendarSyncApplication in 9.259 seconds (JVM running for 11.491)
2020-12-18 22:30:51,454 INFO org.apache.juli.logging.DirectJDKLog [http-nio-8081-exec-1] Initializing Spring DispatcherServlet 'dispatcherServlet'
2020-12-18 22:30:51,454 INFO org.springframework.web.servlet.FrameworkServlet [http-nio-8081-exec-1] Initializing Servlet 'dispatcherServlet'
2020-12-18 22:30:51,457 INFO org.springframework.web.servlet.FrameworkServlet [http-nio-8081-exec-1] Completed initialization in 2 ms
2020-12-18 22:36:18,627 INFO org.springframework.scheduling.concurrent.ExecutorConfigurationSupport [SpringContextShutdownHook] Shutting down ExecutorService 'taskScheduler'
2020-12-18 22:36:18,630 INFO org.springframework.scheduling.concurrent.ExecutorConfigurationSupport [SpringContextShutdownHook] Shutting down ExecutorService 'applicationTaskExecutor'
2020-12-18 22:36:18,632 INFO org.springframework.orm.jpa.AbstractEntityManagerFactoryBean [SpringContextShutdownHook] Closing JPA EntityManagerFactory for persistence unit 'default'
2020-12-18 22:36:18,636 INFO com.zaxxer.hikari.HikariDataSource [SpringContextShutdownHook] HikariPool-1 - Shutdown initiated...
2020-12-18 22:36:18,651 INFO com.zaxxer.hikari.HikariDataSource [SpringContextShutdownHook] HikariPool-1 - Shutdown completed.
