2020-11-16 20:25:06,199 INFO org.springframework.boot.StartupInfoLogger [main] Starting MessageCalendarSyncApplication on LAPTOP-LJ377Q8B with PID 3404 (D:\ProjetRonald\MessageCalendarSync\target\classes started by Yusuduck in D:\ProjetRonald\MessageCalendarSync)
2020-11-16 20:25:06,218 INFO org.springframework.boot.SpringApplication [main] No active profile set, falling back to default profiles: default
2020-11-16 20:25:08,794 INFO org.springframework.boot.web.embedded.tomcat.TomcatWebServer [main] Tomcat initialized with port(s): 8081 (http)
2020-11-16 20:25:08,814 INFO org.apache.juli.logging.DirectJDKLog [main] Initializing ProtocolHandler ["http-nio-8081"]
2020-11-16 20:25:08,815 INFO org.apache.juli.logging.DirectJDKLog [main] Starting service [Tomcat]
2020-11-16 20:25:08,817 INFO org.apache.juli.logging.DirectJDKLog [main] Starting Servlet engine: [Apache Tomcat/9.0.38]
2020-11-16 20:25:09,018 INFO org.apache.juli.logging.DirectJDKLog [main] Initializing Spring embedded WebApplicationContext
2020-11-16 20:25:09,018 INFO org.springframework.boot.web.servlet.context.ServletWebServerApplicationContext [main] Root WebApplicationContext: initialization completed in 2687 ms
2020-11-16 20:25:09,143 INFO org.springframework.beans.factory.annotation.AutowiredAnnotationBeanPostProcessor [main] Autowired annotation is not supported on static fields: private static org.springframework.core.env.Environment com.rdesouter.utils.MessageUtils.env
2020-11-16 20:25:09,342 INFO org.springframework.scheduling.concurrent.ExecutorConfigurationSupport [main] Initializing ExecutorService 'applicationTaskExecutor'
2020-11-16 20:25:09,573 INFO org.springframework.scheduling.concurrent.ExecutorConfigurationSupport [main] Initializing ExecutorService 'taskScheduler'
2020-11-16 20:25:09,595 INFO org.apache.juli.logging.DirectJDKLog [main] Starting ProtocolHandler ["http-nio-8081"]
2020-11-16 20:25:09,636 INFO org.springframework.boot.web.embedded.tomcat.TomcatWebServer [main] Tomcat started on port(s): 8081 (http) with context path '/api'
2020-11-16 20:25:09,655 INFO org.springframework.boot.StartupInfoLogger [main] Started MessageCalendarSyncApplication in 4.295 seconds (JVM running for 5.441)
2020-11-16 20:27:35,022 INFO org.springframework.boot.StartupInfoLogger [main] Starting MessageCalendarSyncApplication on LAPTOP-LJ377Q8B with PID 11404 (D:\ProjetRonald\MessageCalendarSync\target\classes started by Yusuduck in D:\ProjetRonald\MessageCalendarSync)
2020-11-16 20:27:35,035 INFO org.springframework.boot.SpringApplication [main] No active profile set, falling back to default profiles: default
2020-11-16 20:27:38,386 INFO org.springframework.boot.web.embedded.tomcat.TomcatWebServer [main] Tomcat initialized with port(s): 8081 (http)
2020-11-16 20:27:38,406 INFO org.apache.juli.logging.DirectJDKLog [main] Initializing ProtocolHandler ["http-nio-8081"]
2020-11-16 20:27:38,407 INFO org.apache.juli.logging.DirectJDKLog [main] Starting service [Tomcat]
2020-11-16 20:27:38,407 INFO org.apache.juli.logging.DirectJDKLog [main] Starting Servlet engine: [Apache Tomcat/9.0.38]
2020-11-16 20:27:38,620 INFO org.apache.juli.logging.DirectJDKLog [main] Initializing Spring embedded WebApplicationContext
2020-11-16 20:27:38,620 INFO org.springframework.boot.web.servlet.context.ServletWebServerApplicationContext [main] Root WebApplicationContext: initialization completed in 3456 ms
2020-11-16 20:27:38,820 INFO org.springframework.beans.factory.annotation.AutowiredAnnotationBeanPostProcessor [main] Autowired annotation is not supported on static fields: private static org.springframework.core.env.Environment com.rdesouter.utils.MessageUtils.env
2020-11-16 20:27:39,045 INFO org.springframework.scheduling.concurrent.ExecutorConfigurationSupport [main] Initializing ExecutorService 'applicationTaskExecutor'
2020-11-16 20:27:39,303 INFO org.springframework.scheduling.concurrent.ExecutorConfigurationSupport [main] Initializing ExecutorService 'taskScheduler'
2020-11-16 20:27:39,328 INFO org.apache.juli.logging.DirectJDKLog [main] Starting ProtocolHandler ["http-nio-8081"]
2020-11-16 20:27:39,364 INFO org.springframework.boot.web.embedded.tomcat.TomcatWebServer [main] Tomcat started on port(s): 8081 (http) with context path '/api'
2020-11-16 20:27:39,388 INFO org.springframework.boot.StartupInfoLogger [main] Started MessageCalendarSyncApplication in 5.419 seconds (JVM running for 6.342)
2020-11-16 20:27:40,573 WARN com.google.api.client.util.store.FileDataStoreFactory [scheduling-1] unable to change permissions for everybody: D:\ProjetRonald\MessageCalendarSync\tokens
2020-11-16 20:27:40,574 WARN com.google.api.client.util.store.FileDataStoreFactory [scheduling-1] unable to change permissions for owner: D:\ProjetRonald\MessageCalendarSync\tokens
2020-11-16 20:27:40,642 INFO org.mortbay.log.Slf4jLog [scheduling-1] Logging to Logger[org.mortbay.log] via org.mortbay.log.Slf4jLog
2020-11-16 20:27:40,644 INFO org.mortbay.log.Slf4jLog [scheduling-1] jetty-6.1.26
2020-11-16 20:27:40,660 INFO org.mortbay.log.Slf4jLog [scheduling-1] Started SocketConnector@localhost:8888
2020-11-16 20:27:54,083 INFO org.mortbay.log.Slf4jLog [scheduling-1] Stopped SocketConnector@localhost:8888
2020-11-16 20:28:00,002 WARN com.google.api.client.util.store.FileDataStoreFactory [scheduling-1] unable to change permissions for everybody: D:\ProjetRonald\MessageCalendarSync\tokens
2020-11-16 20:28:00,002 WARN com.google.api.client.util.store.FileDataStoreFactory [scheduling-1] unable to change permissions for owner: D:\ProjetRonald\MessageCalendarSync\tokens
2020-11-16 20:28:00,336 WARN com.rdesouter.sync.message.service.MessageService [scheduling-1] message contains no element for create event 
W2ltYWdlOiBHb29nbGVdDQpZdXN1ZHVjayBhIGTDqXNvcm1haXMgYWNjw6hzIMOgIHZvdHJlIGNvbXB0ZSBHb29nbGUNCg0KDQp5dXN1a2UuYXNha3VyYTIzQGdtYWlsLmNvbQ0KDQpTaSB2b3VzIG4nw6p0ZXMgcGFzIMOgIGwnb3JpZ2luZSBkZSBjZXR0ZSBhdXRvcmlzYXRpb24sIG5vdXMgdm91cyBjb25zZWlsbG9ucw0KZGUgdsOpcmlmaWVyIGNldHRlIGFjdGl2aXTDqSBldCBkZSBzw6ljdXJpc2VyIHZvdHJlIGNvbXB0ZS4NCkNvbnN1bHRlciBsJ2FjdGl2aXTDqQ0KPGh0dHBzOi8vYWNjb3VudHMuZ29vZ2xlLmNvbS9BY2NvdW50Q2hvb3Nlcj9FbWFpbD15dXN1a2UuYXNha3VyYTIzQGdtYWlsLmNvbSZjb250aW51ZT1odHRwczovL215YWNjb3VudC5nb29nbGUuY29tL2FsZXJ0L250LzE2MDU1NTQ4NzQwMDA_cmZuJTNEMTI3JTI2cmZuYyUzRDElMjZlaWQlM0Q1NDIwMDcyOTUwMzM5OTYzMTM3JTI2ZXQlM0QwPg0KVm91cyBwb3V2ZXogw6lnYWxlbWVudCBhY2PDqWRlciBkaXJlY3RlbWVudCDDoCBsYSBwYWdlDQpodHRwczovL215YWNjb3VudC5nb29nbGUuY29tL25vdGlmaWNhdGlvbnMNCkNldCBlLW1haWwgdm91cyBhIMOpdMOpIGVudm95w6kgcG91ciB2b3VzIGluZm9ybWVyIGRlIG1vZGlmaWNhdGlvbnMNCmltcG9ydGFudGVzIGFwcG9ydMOpZXMgw6Agdm90cmUgY29tcHRlIGV0IGF1eCBzZXJ2aWNlcyBHb29nbGUgcXVlIHZvdXMNCnV0aWxpc2V6Lg0KwqkgMjAyMCBHb29nbGUgSXJlbGFuZCBMdGQuLCBHb3Jkb24gSG91c2UsIEJhcnJvdyBTdHJlZXQsIER1YmxpbiA0LCBJcmVsYW5kDQo=
2020-11-16 20:28:10,016 WARN com.google.api.client.util.store.FileDataStoreFactory [scheduling-1] unable to change permissions for everybody: D:\ProjetRonald\MessageCalendarSync\tokens
2020-11-16 20:28:10,016 WARN com.google.api.client.util.store.FileDataStoreFactory [scheduling-1] unable to change permissions for owner: D:\ProjetRonald\MessageCalendarSync\tokens
2020-11-16 20:28:10,301 WARN com.rdesouter.sync.message.service.MessageService [scheduling-1] message contains no element for create event 
W2ltYWdlOiBHb29nbGVdDQpZdXN1ZHVjayBhIGTDqXNvcm1haXMgYWNjw6hzIMOgIHZvdHJlIGNvbXB0ZSBHb29nbGUNCg0KDQp5dXN1a2UuYXNha3VyYTIzQGdtYWlsLmNvbQ0KDQpTaSB2b3VzIG4nw6p0ZXMgcGFzIMOgIGwnb3JpZ2luZSBkZSBjZXR0ZSBhdXRvcmlzYXRpb24sIG5vdXMgdm91cyBjb25zZWlsbG9ucw0KZGUgdsOpcmlmaWVyIGNldHRlIGFjdGl2aXTDqSBldCBkZSBzw6ljdXJpc2VyIHZvdHJlIGNvbXB0ZS4NCkNvbnN1bHRlciBsJ2FjdGl2aXTDqQ0KPGh0dHBzOi8vYWNjb3VudHMuZ29vZ2xlLmNvbS9BY2NvdW50Q2hvb3Nlcj9FbWFpbD15dXN1a2UuYXNha3VyYTIzQGdtYWlsLmNvbSZjb250aW51ZT1odHRwczovL215YWNjb3VudC5nb29nbGUuY29tL2FsZXJ0L250LzE2MDU1NTQ4NzQwMDA_cmZuJTNEMTI3JTI2cmZuYyUzRDElMjZlaWQlM0Q1NDIwMDcyOTUwMzM5OTYzMTM3JTI2ZXQlM0QwPg0KVm91cyBwb3V2ZXogw6lnYWxlbWVudCBhY2PDqWRlciBkaXJlY3RlbWVudCDDoCBsYSBwYWdlDQpodHRwczovL215YWNjb3VudC5nb29nbGUuY29tL25vdGlmaWNhdGlvbnMNCkNldCBlLW1haWwgdm91cyBhIMOpdMOpIGVudm95w6kgcG91ciB2b3VzIGluZm9ybWVyIGRlIG1vZGlmaWNhdGlvbnMNCmltcG9ydGFudGVzIGFwcG9ydMOpZXMgw6Agdm90cmUgY29tcHRlIGV0IGF1eCBzZXJ2aWNlcyBHb29nbGUgcXVlIHZvdXMNCnV0aWxpc2V6Lg0KwqkgMjAyMCBHb29nbGUgSXJlbGFuZCBMdGQuLCBHb3Jkb24gSG91c2UsIEJhcnJvdyBTdHJlZXQsIER1YmxpbiA0LCBJcmVsYW5kDQo=
2020-11-16 20:28:20,003 WARN com.google.api.client.util.store.FileDataStoreFactory [scheduling-1] unable to change permissions for everybody: D:\ProjetRonald\MessageCalendarSync\tokens
2020-11-16 20:28:20,004 WARN com.google.api.client.util.store.FileDataStoreFactory [scheduling-1] unable to change permissions for owner: D:\ProjetRonald\MessageCalendarSync\tokens
2020-11-16 20:28:20,340 WARN com.rdesouter.sync.message.service.MessageService [scheduling-1] message contains no element for create event 
W2ltYWdlOiBHb29nbGVdDQpZdXN1ZHVjayBhIGTDqXNvcm1haXMgYWNjw6hzIMOgIHZvdHJlIGNvbXB0ZSBHb29nbGUNCg0KDQp5dXN1a2UuYXNha3VyYTIzQGdtYWlsLmNvbQ0KDQpTaSB2b3VzIG4nw6p0ZXMgcGFzIMOgIGwnb3JpZ2luZSBkZSBjZXR0ZSBhdXRvcmlzYXRpb24sIG5vdXMgdm91cyBjb25zZWlsbG9ucw0KZGUgdsOpcmlmaWVyIGNldHRlIGFjdGl2aXTDqSBldCBkZSBzw6ljdXJpc2VyIHZvdHJlIGNvbXB0ZS4NCkNvbnN1bHRlciBsJ2FjdGl2aXTDqQ0KPGh0dHBzOi8vYWNjb3VudHMuZ29vZ2xlLmNvbS9BY2NvdW50Q2hvb3Nlcj9FbWFpbD15dXN1a2UuYXNha3VyYTIzQGdtYWlsLmNvbSZjb250aW51ZT1odHRwczovL215YWNjb3VudC5nb29nbGUuY29tL2FsZXJ0L250LzE2MDU1NTQ4NzQwMDA_cmZuJTNEMTI3JTI2cmZuYyUzRDElMjZlaWQlM0Q1NDIwMDcyOTUwMzM5OTYzMTM3JTI2ZXQlM0QwPg0KVm91cyBwb3V2ZXogw6lnYWxlbWVudCBhY2PDqWRlciBkaXJlY3RlbWVudCDDoCBsYSBwYWdlDQpodHRwczovL215YWNjb3VudC5nb29nbGUuY29tL25vdGlmaWNhdGlvbnMNCkNldCBlLW1haWwgdm91cyBhIMOpdMOpIGVudm95w6kgcG91ciB2b3VzIGluZm9ybWVyIGRlIG1vZGlmaWNhdGlvbnMNCmltcG9ydGFudGVzIGFwcG9ydMOpZXMgw6Agdm90cmUgY29tcHRlIGV0IGF1eCBzZXJ2aWNlcyBHb29nbGUgcXVlIHZvdXMNCnV0aWxpc2V6Lg0KwqkgMjAyMCBHb29nbGUgSXJlbGFuZCBMdGQuLCBHb3Jkb24gSG91c2UsIEJhcnJvdyBTdHJlZXQsIER1YmxpbiA0LCBJcmVsYW5kDQo=
