2021-01-12 23:22:32,092 INFO org.springframework.boot.StartupInfoLogger [main] Starting MessageCalendarSyncApplication using Java 1.8.0_144 on LAPTOP-LJ377Q8B with PID 17552 (D:\ProjetRonald\MessageCalendarSync\target\classes started by Yusuduck in D:\ProjetRonald\MessageCalendarSync)
2021-01-12 23:22:32,092 INFO org.springframework.boot.SpringApplication [main] No active profile set, falling back to default profiles: default
2021-01-12 23:22:33,498 INFO org.springframework.data.repository.config.RepositoryConfigurationDelegate [main] Bootstrapping Spring Data JPA repositories in DEFAULT mode.
2021-01-12 23:22:33,592 INFO org.springframework.data.repository.config.RepositoryConfigurationDelegate [main] Finished Spring Data repository scanning in 77 ms. Found 3 JPA repository interfaces.
2021-01-12 23:22:34,826 INFO org.springframework.boot.web.embedded.tomcat.TomcatWebServer [main] Tomcat initialized with port(s): 8081 (http)
2021-01-12 23:22:34,842 INFO org.apache.juli.logging.DirectJDKLog [main] Initializing ProtocolHandler ["http-nio-8081"]
2021-01-12 23:22:34,842 INFO org.apache.juli.logging.DirectJDKLog [main] Starting service [Tomcat]
2021-01-12 23:22:34,842 INFO org.apache.juli.logging.DirectJDKLog [main] Starting Servlet engine: [Apache Tomcat/9.0.41]
2021-01-12 23:22:34,998 INFO org.apache.juli.logging.DirectJDKLog [main] Initializing Spring embedded WebApplicationContext
2021-01-12 23:22:34,998 INFO org.springframework.boot.web.servlet.context.ServletWebServerApplicationContext [main] Root WebApplicationContext: initialization completed in 2812 ms
2021-01-12 23:22:35,170 INFO com.zaxxer.hikari.HikariDataSource [main] HikariPool-1 - Starting...
2021-01-12 23:22:36,841 INFO com.zaxxer.hikari.HikariDataSource [main] HikariPool-1 - Start completed.
2021-01-12 23:22:37,060 INFO org.hibernate.jpa.internal.util.LogHelper [main] HHH000204: Processing PersistenceUnitInfo [name: default]
2021-01-12 23:22:37,201 INFO org.hibernate.Version [main] HHH000412: Hibernate ORM core version 5.4.25.Final
2021-01-12 23:22:37,497 INFO org.hibernate.annotations.common.reflection.java.JavaReflectionManager [main] HCANN000001: Hibernate Commons Annotations {5.1.2.Final}
2021-01-12 23:22:37,685 INFO org.hibernate.dialect.Dialect [main] HHH000400: Using dialect: org.hibernate.dialect.PostgreSQL95Dialect
2021-01-12 23:22:39,296 WARN org.hibernate.engine.jdbc.spi.SqlExceptionHelper$StandardWarningHandler [main] SQL Warning Code: 0, SQLState: 00000
2021-01-12 23:22:39,296 WARN org.hibernate.engine.jdbc.spi.SqlExceptionHelper$StandardWarningHandler [main] DROP cascade sur contrainte fk_user_id sur table calendar
2021-01-12 23:22:39,312 WARN org.hibernate.engine.jdbc.spi.SqlExceptionHelper$StandardWarningHandler [main] SQL Warning Code: 0, SQLState: 00000
2021-01-12 23:22:39,312 WARN org.hibernate.engine.jdbc.spi.SqlExceptionHelper$StandardWarningHandler [main] la contrainte « fk3d2wn2vqun9gh8u0jkifpx0ae » de la relation « attendees » n'existe pas, ignore
2021-01-12 23:22:39,312 WARN org.hibernate.engine.jdbc.spi.SqlExceptionHelper$StandardWarningHandler [main] SQL Warning Code: 0, SQLState: 00000
2021-01-12 23:22:39,312 WARN org.hibernate.engine.jdbc.spi.SqlExceptionHelper$StandardWarningHandler [main] la contrainte « fk_user_id » de la relation « calendar » n'existe pas, ignore
2021-01-12 23:22:39,437 INFO org.hibernate.engine.transaction.jta.platform.internal.JtaPlatformInitiator [main] HHH000490: Using JtaPlatform implementation: [org.hibernate.engine.transaction.jta.platform.internal.NoJtaPlatform]
2021-01-12 23:22:39,437 INFO org.springframework.orm.jpa.AbstractEntityManagerFactoryBean [main] Initialized JPA EntityManagerFactory for persistence unit 'default'
2021-01-12 23:22:39,937 WARN org.springframework.boot.autoconfigure.orm.jpa.JpaBaseConfiguration$JpaWebConfiguration [main] spring.jpa.open-in-view is enabled by default. Therefore, database queries may be performed during view rendering. Explicitly configure spring.jpa.open-in-view to disable this warning
2021-01-12 23:22:40,249 WARN com.google.api.client.util.store.FileDataStoreFactory [main] unable to change permissions for everybody: D:\ProjetRonald\MessageCalendarSync\tokens\gmail
2021-01-12 23:22:40,249 WARN com.google.api.client.util.store.FileDataStoreFactory [main] unable to change permissions for owner: D:\ProjetRonald\MessageCalendarSync\tokens\gmail
2021-01-12 23:22:40,296 WARN com.google.api.client.util.store.FileDataStoreFactory [main] unable to change permissions for everybody: D:\ProjetRonald\MessageCalendarSync\tokens\gmail
2021-01-12 23:22:40,296 WARN com.google.api.client.util.store.FileDataStoreFactory [main] unable to change permissions for owner: D:\ProjetRonald\MessageCalendarSync\tokens\gmail
2021-01-12 23:22:40,562 INFO org.springframework.security.web.DefaultSecurityFilterChain [main] Will secure any request with [org.springframework.security.web.context.request.async.WebAsyncManagerIntegrationFilter@7e5e6573, org.springframework.security.web.context.SecurityContextPersistenceFilter@26a45089, org.springframework.security.web.header.HeaderWriterFilter@2e7bb00e, org.springframework.security.web.authentication.logout.LogoutFilter@45796b2a, com.rdesouter.utils.JwtRequestFilter@5873f3f0, org.springframework.security.web.savedrequest.RequestCacheAwareFilter@5ab5924c, org.springframework.security.web.servletapi.SecurityContextHolderAwareRequestFilter@704d3b00, org.springframework.security.web.authentication.AnonymousAuthenticationFilter@3005623b, org.springframework.security.web.session.SessionManagementFilter@844e66d, org.springframework.security.web.access.ExceptionTranslationFilter@5c8ab9de, org.springframework.security.web.access.intercept.FilterSecurityInterceptor@41a23470]
2021-01-12 23:22:40,734 INFO org.springframework.scheduling.concurrent.ExecutorConfigurationSupport [main] Initializing ExecutorService 'applicationTaskExecutor'
2021-01-12 23:22:41,202 INFO org.springframework.scheduling.concurrent.ExecutorConfigurationSupport [main] Initializing ExecutorService 'taskScheduler'
2021-01-12 23:22:41,218 INFO org.apache.juli.logging.DirectJDKLog [main] Starting ProtocolHandler ["http-nio-8081"]
2021-01-12 23:22:41,249 INFO org.springframework.boot.web.embedded.tomcat.TomcatWebServer [main] Tomcat started on port(s): 8081 (http) with context path '/api'
2021-01-12 23:22:41,265 INFO org.springframework.boot.StartupInfoLogger [main] Started MessageCalendarSyncApplication in 10.196 seconds (JVM running for 11.609)
2021-01-12 23:26:03,024 INFO org.springframework.boot.StartupInfoLogger [main] Starting EventMessageSyncApplication using Java 1.8.0_144 on LAPTOP-LJ377Q8B with PID 16876 (D:\ProjetRonald\MessageCalendarSync\backend\target\classes started by Yusuduck in D:\ProjetRonald\MessageCalendarSync)
2021-01-12 23:26:03,024 INFO org.springframework.boot.SpringApplication [main] No active profile set, falling back to default profiles: default
2021-01-12 23:26:04,399 INFO org.springframework.data.repository.config.RepositoryConfigurationDelegate [main] Bootstrapping Spring Data JPA repositories in DEFAULT mode.
2021-01-12 23:26:04,493 INFO org.springframework.data.repository.config.RepositoryConfigurationDelegate [main] Finished Spring Data repository scanning in 86 ms. Found 3 JPA repository interfaces.
2021-01-12 23:26:05,883 INFO org.springframework.boot.web.embedded.tomcat.TomcatWebServer [main] Tomcat initialized with port(s): 8081 (http)
2021-01-12 23:26:05,898 INFO org.apache.juli.logging.DirectJDKLog [main] Initializing ProtocolHandler ["http-nio-8081"]
2021-01-12 23:26:05,898 INFO org.apache.juli.logging.DirectJDKLog [main] Starting service [Tomcat]
2021-01-12 23:26:05,898 INFO org.apache.juli.logging.DirectJDKLog [main] Starting Servlet engine: [Apache Tomcat/9.0.41]
2021-01-12 23:26:06,055 INFO org.apache.juli.logging.DirectJDKLog [main] Initializing Spring embedded WebApplicationContext
2021-01-12 23:26:06,055 INFO org.springframework.boot.web.servlet.context.ServletWebServerApplicationContext [main] Root WebApplicationContext: initialization completed in 2937 ms
2021-01-12 23:26:06,242 INFO com.zaxxer.hikari.HikariDataSource [main] HikariPool-1 - Starting...
2021-01-12 23:26:07,069 INFO com.zaxxer.hikari.HikariDataSource [main] HikariPool-1 - Start completed.
2021-01-12 23:26:07,398 INFO org.hibernate.jpa.internal.util.LogHelper [main] HHH000204: Processing PersistenceUnitInfo [name: default]
2021-01-12 23:26:07,522 INFO org.hibernate.Version [main] HHH000412: Hibernate ORM core version 5.4.25.Final
2021-01-12 23:26:07,851 INFO org.hibernate.annotations.common.reflection.java.JavaReflectionManager [main] HCANN000001: Hibernate Commons Annotations {5.1.2.Final}
2021-01-12 23:26:08,038 INFO org.hibernate.dialect.Dialect [main] HHH000400: Using dialect: org.hibernate.dialect.PostgreSQL95Dialect
2021-01-12 23:26:08,913 WARN org.hibernate.engine.jdbc.spi.SqlExceptionHelper$StandardWarningHandler [main] SQL Warning Code: 0, SQLState: 00000
2021-01-12 23:26:08,913 WARN org.hibernate.engine.jdbc.spi.SqlExceptionHelper$StandardWarningHandler [main] DROP cascade sur contrainte fk_user_id sur table calendar
2021-01-12 23:26:08,913 WARN org.hibernate.engine.jdbc.spi.SqlExceptionHelper$StandardWarningHandler [main] SQL Warning Code: 0, SQLState: 00000
2021-01-12 23:26:08,913 WARN org.hibernate.engine.jdbc.spi.SqlExceptionHelper$StandardWarningHandler [main] la contrainte « fkinopc1rae81apxjjxok9ra9ql » de la relation « attendees » n'existe pas, ignore
2021-01-12 23:26:08,913 WARN org.hibernate.engine.jdbc.spi.SqlExceptionHelper$StandardWarningHandler [main] SQL Warning Code: 0, SQLState: 00000
2021-01-12 23:26:08,913 WARN org.hibernate.engine.jdbc.spi.SqlExceptionHelper$StandardWarningHandler [main] la contrainte « fk_user_id » de la relation « calendar » n'existe pas, ignore
2021-01-12 23:26:08,960 INFO org.hibernate.engine.transaction.jta.platform.internal.JtaPlatformInitiator [main] HHH000490: Using JtaPlatform implementation: [org.hibernate.engine.transaction.jta.platform.internal.NoJtaPlatform]
2021-01-12 23:26:08,975 INFO org.springframework.orm.jpa.AbstractEntityManagerFactoryBean [main] Initialized JPA EntityManagerFactory for persistence unit 'default'
2021-01-12 23:26:09,428 WARN org.springframework.boot.autoconfigure.orm.jpa.JpaBaseConfiguration$JpaWebConfiguration [main] spring.jpa.open-in-view is enabled by default. Therefore, database queries may be performed during view rendering. Explicitly configure spring.jpa.open-in-view to disable this warning
2021-01-12 23:26:09,678 WARN com.google.api.client.util.store.FileDataStoreFactory [main] unable to change permissions for everybody: D:\ProjetRonald\MessageCalendarSync\tokens\ronald
2021-01-12 23:26:09,678 WARN com.google.api.client.util.store.FileDataStoreFactory [main] unable to change permissions for owner: D:\ProjetRonald\MessageCalendarSync\tokens\ronald
2021-01-12 23:26:09,741 INFO org.mortbay.log.Slf4jLog [main] Logging to Logger[org.mortbay.log] via org.mortbay.log.Slf4jLog
2021-01-12 23:26:09,741 INFO org.mortbay.log.Slf4jLog [main] jetty-6.1.26
2021-01-12 23:26:09,756 INFO org.mortbay.log.Slf4jLog [main] Started SocketConnector@localhost:8888
2021-01-12 23:26:17,702 INFO org.mortbay.log.Slf4jLog [main] Stopped SocketConnector@localhost:8888
2021-01-12 23:26:17,894 WARN com.google.api.client.util.store.FileDataStoreFactory [main] unable to change permissions for everybody: D:\ProjetRonald\MessageCalendarSync\tokens\ronald
2021-01-12 23:26:17,894 WARN com.google.api.client.util.store.FileDataStoreFactory [main] unable to change permissions for owner: D:\ProjetRonald\MessageCalendarSync\tokens\ronald
2021-01-12 23:26:18,420 INFO org.springframework.security.web.DefaultSecurityFilterChain [main] Will secure any request with [org.springframework.security.web.context.request.async.WebAsyncManagerIntegrationFilter@1c2096c6, org.springframework.security.web.context.SecurityContextPersistenceFilter@35e07e19, org.springframework.security.web.header.HeaderWriterFilter@260d48f5, org.springframework.web.filter.CorsFilter@1a89414e, org.springframework.security.web.authentication.logout.LogoutFilter@27438750, com.rdesouter.security.JwtRequestFilter@5873f3f0, org.springframework.security.web.savedrequest.RequestCacheAwareFilter@2036f83, org.springframework.security.web.servletapi.SecurityContextHolderAwareRequestFilter@7d088813, org.springframework.security.web.authentication.AnonymousAuthenticationFilter@17f8db6, org.springframework.security.web.session.SessionManagementFilter@601d295, org.springframework.security.web.access.ExceptionTranslationFilter@6ce2e079, org.springframework.security.web.access.intercept.FilterSecurityInterceptor@254e9709]
2021-01-12 23:26:18,495 INFO org.springframework.scheduling.concurrent.ExecutorConfigurationSupport [main] Initializing ExecutorService 'applicationTaskExecutor'
2021-01-12 23:26:18,724 INFO org.springframework.scheduling.concurrent.ExecutorConfigurationSupport [main] Initializing ExecutorService 'taskScheduler'
2021-01-12 23:26:18,749 INFO org.apache.juli.logging.DirectJDKLog [main] Starting ProtocolHandler ["http-nio-8081"]
2021-01-12 23:26:18,784 INFO org.springframework.boot.web.embedded.tomcat.TomcatWebServer [main] Tomcat started on port(s): 8081 (http) with context path '/api'
2021-01-12 23:26:18,802 INFO org.springframework.boot.StartupInfoLogger [main] Started EventMessageSyncApplication in 16.603 seconds (JVM running for 18.143)
2021-01-12 23:33:42,091 INFO org.apache.juli.logging.DirectJDKLog [http-nio-8081-exec-2] Initializing Spring DispatcherServlet 'dispatcherServlet'
2021-01-12 23:33:42,091 INFO org.springframework.web.servlet.FrameworkServlet [http-nio-8081-exec-2] Initializing Servlet 'dispatcherServlet'
2021-01-12 23:33:42,095 INFO org.springframework.web.servlet.FrameworkServlet [http-nio-8081-exec-2] Completed initialization in 3 ms
2021-01-12 23:33:42,230 ERROR org.apache.juli.logging.DirectJDKLog [http-nio-8081-exec-2] Servlet.service() for servlet [dispatcherServlet] in context with path [/api] threw exception
io.jsonwebtoken.ExpiredJwtException: JWT expired at 2021-01-06T19:46:26Z. Current time: 2021-01-12T23:33:42Z, a difference of 532036223 milliseconds.  Allowed clock skew: 0 milliseconds.
	at io.jsonwebtoken.impl.DefaultJwtParser.parse(DefaultJwtParser.java:385)
	at io.jsonwebtoken.impl.DefaultJwtParser.parse(DefaultJwtParser.java:481)
	at io.jsonwebtoken.impl.DefaultJwtParser.parseClaimsJws(DefaultJwtParser.java:541)
	at com.rdesouter.utils.JwtUtil.extractAllClaims(JwtUtil.java:56)
	at com.rdesouter.utils.JwtUtil.extractClaim(JwtUtil.java:49)
	at com.rdesouter.utils.JwtUtil.extractUserName(JwtUtil.java:20)
	at com.rdesouter.security.JwtRequestFilter.doFilterInternal(JwtRequestFilter.java:35)
	at org.springframework.web.filter.OncePerRequestFilter.doFilter(OncePerRequestFilter.java:119)
	at org.springframework.security.web.FilterChainProxy$VirtualFilterChain.doFilter(FilterChainProxy.java:336)
	at org.springframework.security.web.authentication.logout.LogoutFilter.doFilter(LogoutFilter.java:103)
	at org.springframework.security.web.authentication.logout.LogoutFilter.doFilter(LogoutFilter.java:89)
	at org.springframework.security.web.FilterChainProxy$VirtualFilterChain.doFilter(FilterChainProxy.java:336)
	at org.springframework.web.filter.CorsFilter.doFilterInternal(CorsFilter.java:91)
	at org.springframework.web.filter.OncePerRequestFilter.doFilter(OncePerRequestFilter.java:119)
	at org.springframework.security.web.FilterChainProxy$VirtualFilterChain.doFilter(FilterChainProxy.java:336)
	at org.springframework.security.web.header.HeaderWriterFilter.doHeadersAfter(HeaderWriterFilter.java:90)
	at org.springframework.security.web.header.HeaderWriterFilter.doFilterInternal(HeaderWriterFilter.java:75)
	at org.springframework.web.filter.OncePerRequestFilter.doFilter(OncePerRequestFilter.java:119)
	at org.springframework.security.web.FilterChainProxy$VirtualFilterChain.doFilter(FilterChainProxy.java:336)
	at org.springframework.security.web.context.SecurityContextPersistenceFilter.doFilter(SecurityContextPersistenceFilter.java:110)
	at org.springframework.security.web.context.SecurityContextPersistenceFilter.doFilter(SecurityContextPersistenceFilter.java:80)
	at org.springframework.security.web.FilterChainProxy$VirtualFilterChain.doFilter(FilterChainProxy.java:336)
	at org.springframework.security.web.context.request.async.WebAsyncManagerIntegrationFilter.doFilterInternal(WebAsyncManagerIntegrationFilter.java:55)
	at org.springframework.web.filter.OncePerRequestFilter.doFilter(OncePerRequestFilter.java:119)
	at org.springframework.security.web.FilterChainProxy$VirtualFilterChain.doFilter(FilterChainProxy.java:336)
	at org.springframework.security.web.FilterChainProxy.doFilterInternal(FilterChainProxy.java:211)
	at org.springframework.security.web.FilterChainProxy.doFilter(FilterChainProxy.java:183)
	at org.springframework.web.filter.DelegatingFilterProxy.invokeDelegate(DelegatingFilterProxy.java:358)
	at org.springframework.web.filter.DelegatingFilterProxy.doFilter(DelegatingFilterProxy.java:271)
	at org.apache.catalina.core.ApplicationFilterChain.internalDoFilter(ApplicationFilterChain.java:193)
	at org.apache.catalina.core.ApplicationFilterChain.doFilter(ApplicationFilterChain.java:166)
	at org.springframework.web.filter.RequestContextFilter.doFilterInternal(RequestContextFilter.java:100)
	at org.springframework.web.filter.OncePerRequestFilter.doFilter(OncePerRequestFilter.java:119)
	at org.apache.catalina.core.ApplicationFilterChain.internalDoFilter(ApplicationFilterChain.java:193)
	at org.apache.catalina.core.ApplicationFilterChain.doFilter(ApplicationFilterChain.java:166)
	at org.springframework.web.filter.FormContentFilter.doFilterInternal(FormContentFilter.java:93)
	at org.springframework.web.filter.OncePerRequestFilter.doFilter(OncePerRequestFilter.java:119)
	at org.apache.catalina.core.ApplicationFilterChain.internalDoFilter(ApplicationFilterChain.java:193)
	at org.apache.catalina.core.ApplicationFilterChain.doFilter(ApplicationFilterChain.java:166)
	at org.springframework.web.filter.CharacterEncodingFilter.doFilterInternal(CharacterEncodingFilter.java:201)
	at org.springframework.web.filter.OncePerRequestFilter.doFilter(OncePerRequestFilter.java:119)
	at org.apache.catalina.core.ApplicationFilterChain.internalDoFilter(ApplicationFilterChain.java:193)
	at org.apache.catalina.core.ApplicationFilterChain.doFilter(ApplicationFilterChain.java:166)
	at org.apache.catalina.core.StandardWrapperValve.invoke(StandardWrapperValve.java:202)
	at org.apache.catalina.core.StandardContextValve.invoke(StandardContextValve.java:97)
	at org.apache.catalina.authenticator.AuthenticatorBase.invoke(AuthenticatorBase.java:542)
	at org.apache.catalina.core.StandardHostValve.invoke(StandardHostValve.java:143)
	at org.apache.catalina.valves.ErrorReportValve.invoke(ErrorReportValve.java:92)
	at org.apache.catalina.core.StandardEngineValve.invoke(StandardEngineValve.java:78)
	at org.apache.catalina.connector.CoyoteAdapter.service(CoyoteAdapter.java:343)
	at org.apache.coyote.http11.Http11Processor.service(Http11Processor.java:374)
	at org.apache.coyote.AbstractProcessorLight.process(AbstractProcessorLight.java:65)
	at org.apache.coyote.AbstractProtocol$ConnectionHandler.process(AbstractProtocol.java:888)
	at org.apache.tomcat.util.net.NioEndpoint$SocketProcessor.doRun(NioEndpoint.java:1597)
	at org.apache.tomcat.util.net.SocketProcessorBase.run(SocketProcessorBase.java:49)
	at java.util.concurrent.ThreadPoolExecutor.runWorker(ThreadPoolExecutor.java:1149)
	at java.util.concurrent.ThreadPoolExecutor$Worker.run(ThreadPoolExecutor.java:624)
	at org.apache.tomcat.util.threads.TaskThread$WrappingRunnable.run(TaskThread.java:61)
	at java.lang.Thread.run(Thread.java:748)
2021-01-12 23:33:48,935 WARN org.springframework.web.servlet.handler.AbstractHandlerExceptionResolver [http-nio-8081-exec-3] Resolved [org.springframework.http.converter.HttpMessageNotReadableException: Required request body is missing: public void com.rdesouter.controller.UserController.addPerson(com.rdesouter.model.User)]
2021-01-12 23:34:25,366 WARN org.springframework.web.servlet.handler.AbstractHandlerExceptionResolver [http-nio-8081-exec-5] Resolved [org.springframework.http.converter.HttpMessageNotReadableException: Required request body is missing: public void com.rdesouter.controller.UserController.addPerson(com.rdesouter.model.User)]
2021-01-12 23:38:44,307 INFO org.springframework.boot.StartupInfoLogger [main] Starting EventMessageSyncApplication using Java 1.8.0_144 on LAPTOP-LJ377Q8B with PID 15004 (D:\ProjetRonald\MessageCalendarSync\backend\target\classes started by Yusuduck in D:\ProjetRonald\MessageCalendarSync)
2021-01-12 23:38:44,370 INFO org.springframework.boot.SpringApplication [main] No active profile set, falling back to default profiles: default
2021-01-12 23:38:45,698 INFO org.springframework.data.repository.config.RepositoryConfigurationDelegate [main] Bootstrapping Spring Data JPA repositories in DEFAULT mode.
2021-01-12 23:38:45,791 INFO org.springframework.data.repository.config.RepositoryConfigurationDelegate [main] Finished Spring Data repository scanning in 85 ms. Found 3 JPA repository interfaces.
2021-01-12 23:38:46,992 INFO org.springframework.boot.web.embedded.tomcat.TomcatWebServer [main] Tomcat initialized with port(s): 8081 (http)
2021-01-12 23:38:47,007 INFO org.apache.juli.logging.DirectJDKLog [main] Initializing ProtocolHandler ["http-nio-8081"]
2021-01-12 23:38:47,007 INFO org.apache.juli.logging.DirectJDKLog [main] Starting service [Tomcat]
2021-01-12 23:38:47,007 INFO org.apache.juli.logging.DirectJDKLog [main] Starting Servlet engine: [Apache Tomcat/9.0.41]
2021-01-12 23:38:47,163 INFO org.apache.juli.logging.DirectJDKLog [main] Initializing Spring embedded WebApplicationContext
2021-01-12 23:38:47,163 INFO org.springframework.boot.web.servlet.context.ServletWebServerApplicationContext [main] Root WebApplicationContext: initialization completed in 2653 ms
2021-01-12 23:38:47,273 INFO com.zaxxer.hikari.HikariDataSource [main] HikariPool-1 - Starting...
2021-01-12 23:38:47,976 INFO com.zaxxer.hikari.HikariDataSource [main] HikariPool-1 - Start completed.
2021-01-12 23:38:48,148 INFO org.hibernate.jpa.internal.util.LogHelper [main] HHH000204: Processing PersistenceUnitInfo [name: default]
2021-01-12 23:38:48,273 INFO org.hibernate.Version [main] HHH000412: Hibernate ORM core version 5.4.25.Final
2021-01-12 23:38:48,538 INFO org.hibernate.annotations.common.reflection.java.JavaReflectionManager [main] HCANN000001: Hibernate Commons Annotations {5.1.2.Final}
2021-01-12 23:38:48,757 INFO org.hibernate.dialect.Dialect [main] HHH000400: Using dialect: org.hibernate.dialect.PostgreSQL95Dialect
2021-01-12 23:38:49,616 WARN org.hibernate.engine.jdbc.spi.SqlExceptionHelper$StandardWarningHandler [main] SQL Warning Code: 0, SQLState: 00000
2021-01-12 23:38:49,616 WARN org.hibernate.engine.jdbc.spi.SqlExceptionHelper$StandardWarningHandler [main] DROP cascade sur contrainte fk_user_id sur table calendar
2021-01-12 23:38:49,616 WARN org.hibernate.engine.jdbc.spi.SqlExceptionHelper$StandardWarningHandler [main] SQL Warning Code: 0, SQLState: 00000
2021-01-12 23:38:49,616 WARN org.hibernate.engine.jdbc.spi.SqlExceptionHelper$StandardWarningHandler [main] la contrainte « fk_user_id » de la relation « calendar » n'existe pas, ignore
2021-01-12 23:38:49,663 INFO org.hibernate.engine.transaction.jta.platform.internal.JtaPlatformInitiator [main] HHH000490: Using JtaPlatform implementation: [org.hibernate.engine.transaction.jta.platform.internal.NoJtaPlatform]
2021-01-12 23:38:49,678 INFO org.springframework.orm.jpa.AbstractEntityManagerFactoryBean [main] Initialized JPA EntityManagerFactory for persistence unit 'default'
2021-01-12 23:38:50,131 WARN org.springframework.boot.autoconfigure.orm.jpa.JpaBaseConfiguration$JpaWebConfiguration [main] spring.jpa.open-in-view is enabled by default. Therefore, database queries may be performed during view rendering. Explicitly configure spring.jpa.open-in-view to disable this warning
2021-01-12 23:38:50,366 WARN com.google.api.client.util.store.FileDataStoreFactory [main] unable to change permissions for everybody: D:\ProjetRonald\MessageCalendarSync\tokens\ronald
2021-01-12 23:38:50,366 WARN com.google.api.client.util.store.FileDataStoreFactory [main] unable to change permissions for owner: D:\ProjetRonald\MessageCalendarSync\tokens\ronald
2021-01-12 23:38:50,428 WARN com.google.api.client.util.store.FileDataStoreFactory [main] unable to change permissions for everybody: D:\ProjetRonald\MessageCalendarSync\tokens\ronald
2021-01-12 23:38:50,428 WARN com.google.api.client.util.store.FileDataStoreFactory [main] unable to change permissions for owner: D:\ProjetRonald\MessageCalendarSync\tokens\ronald
2021-01-12 23:38:50,850 INFO org.springframework.security.web.DefaultSecurityFilterChain [main] Will secure any request with [org.springframework.security.web.context.request.async.WebAsyncManagerIntegrationFilter@4dd1d2bb, org.springframework.security.web.context.SecurityContextPersistenceFilter@5ab5924c, org.springframework.security.web.header.HeaderWriterFilter@74d22ddd, org.springframework.web.filter.CorsFilter@47198524, org.springframework.security.web.authentication.logout.LogoutFilter@4beae1e3, com.rdesouter.security.JwtRequestFilter@3c16528d, org.springframework.security.web.savedrequest.RequestCacheAwareFilter@37cfda1c, org.springframework.security.web.servletapi.SecurityContextHolderAwareRequestFilter@191f4d65, org.springframework.security.web.authentication.AnonymousAuthenticationFilter@67a0ff25, org.springframework.security.web.session.SessionManagementFilter@26a45089, org.springframework.security.web.access.ExceptionTranslationFilter@2e7bb00e, org.springframework.security.web.access.intercept.FilterSecurityInterceptor@77c692b4]
2021-01-12 23:38:50,897 INFO org.springframework.scheduling.concurrent.ExecutorConfigurationSupport [main] Initializing ExecutorService 'applicationTaskExecutor'
2021-01-12 23:38:51,225 INFO org.springframework.scheduling.concurrent.ExecutorConfigurationSupport [main] Initializing ExecutorService 'taskScheduler'
2021-01-12 23:38:51,241 INFO org.apache.juli.logging.DirectJDKLog [main] Starting ProtocolHandler ["http-nio-8081"]
2021-01-12 23:38:51,272 INFO org.springframework.boot.web.embedded.tomcat.TomcatWebServer [main] Tomcat started on port(s): 8081 (http) with context path '/api'
2021-01-12 23:38:51,287 INFO org.springframework.boot.StartupInfoLogger [main] Started EventMessageSyncApplication in 7.848 seconds (JVM running for 8.755)
2021-01-12 23:39:07,220 INFO org.apache.juli.logging.DirectJDKLog [http-nio-8081-exec-1] Initializing Spring DispatcherServlet 'dispatcherServlet'
2021-01-12 23:39:07,220 INFO org.springframework.web.servlet.FrameworkServlet [http-nio-8081-exec-1] Initializing Servlet 'dispatcherServlet'
2021-01-12 23:39:07,223 INFO org.springframework.web.servlet.FrameworkServlet [http-nio-8081-exec-1] Completed initialization in 2 ms
