2020-12-12 00:24:45,643 INFO org.springframework.boot.StartupInfoLogger [main] Starting MessageCalendarSyncApplication on LAPTOP-LJ377Q8B with PID 5132 (D:\ProjetRonald\MessageCalendarSync\target\classes started by Yusuduck in D:\ProjetRonald\MessageCalendarSync)
2020-12-12 00:24:45,674 INFO org.springframework.boot.SpringApplication [main] No active profile set, falling back to default profiles: default
2020-12-12 00:24:47,127 INFO org.springframework.data.repository.config.RepositoryConfigurationDelegate [main] Bootstrapping Spring Data JPA repositories in DEFERRED mode.
2020-12-12 00:24:47,236 INFO org.springframework.data.repository.config.RepositoryConfigurationDelegate [main] Finished Spring Data repository scanning in 96ms. Found 3 JPA repository interfaces.
2020-12-12 00:24:47,720 INFO org.springframework.context.support.PostProcessorRegistrationDelegate$BeanPostProcessorChecker [main] Bean 'org.springframework.security.access.expression.method.DefaultMethodSecurityExpressionHandler@72458efc' of type [org.springframework.security.access.expression.method.DefaultMethodSecurityExpressionHandler] is not eligible for getting processed by all BeanPostProcessors (for example: not eligible for auto-proxying)
2020-12-12 00:24:47,751 INFO org.springframework.context.support.PostProcessorRegistrationDelegate$BeanPostProcessorChecker [main] Bean 'methodSecurityMetadataSource' of type [org.springframework.security.access.method.DelegatingMethodSecurityMetadataSource] is not eligible for getting processed by all BeanPostProcessors (for example: not eligible for auto-proxying)
2020-12-12 00:24:48,517 INFO org.springframework.boot.web.embedded.tomcat.TomcatWebServer [main] Tomcat initialized with port(s): 8081 (http)
2020-12-12 00:24:48,533 INFO org.apache.juli.logging.DirectJDKLog [main] Initializing ProtocolHandler ["http-nio-8081"]
2020-12-12 00:24:48,533 INFO org.apache.juli.logging.DirectJDKLog [main] Starting service [Tomcat]
2020-12-12 00:24:48,533 INFO org.apache.juli.logging.DirectJDKLog [main] Starting Servlet engine: [Apache Tomcat/9.0.38]
2020-12-12 00:24:48,689 INFO org.apache.juli.logging.DirectJDKLog [main] Initializing Spring embedded WebApplicationContext
2020-12-12 00:24:48,689 INFO org.springframework.boot.web.servlet.context.ServletWebServerApplicationContext [main] Root WebApplicationContext: initialization completed in 2875 ms
2020-12-12 00:24:49,048 INFO org.springframework.scheduling.concurrent.ExecutorConfigurationSupport [main] Initializing ExecutorService 'applicationTaskExecutor'
2020-12-12 00:24:49,064 INFO org.springframework.scheduling.concurrent.ExecutorConfigurationSupport [main] Initializing ExecutorService 'taskScheduler'
2020-12-12 00:24:49,157 INFO org.hibernate.jpa.internal.util.LogHelper [task-1] HHH000204: Processing PersistenceUnitInfo [name: default]
2020-12-12 00:24:49,407 INFO org.hibernate.Version [task-1] HHH000412: Hibernate ORM core version 5.4.21.Final
2020-12-12 00:24:49,798 INFO org.hibernate.annotations.common.reflection.java.JavaReflectionManager [task-1] HCANN000001: Hibernate Commons Annotations {5.1.0.Final}
2020-12-12 00:24:49,985 WARN com.google.api.client.util.store.FileDataStoreFactory [main] unable to change permissions for everybody: D:\ProjetRonald\MessageCalendarSync\tokens\gmail
2020-12-12 00:24:49,985 WARN com.google.api.client.util.store.FileDataStoreFactory [main] unable to change permissions for owner: D:\ProjetRonald\MessageCalendarSync\tokens\gmail
2020-12-12 00:24:50,001 INFO com.zaxxer.hikari.HikariDataSource [task-1] HikariPool-1 - Starting...
2020-12-12 00:24:50,235 WARN org.springframework.boot.autoconfigure.orm.jpa.JpaBaseConfiguration$JpaWebConfiguration [main] spring.jpa.open-in-view is enabled by default. Therefore, database queries may be performed during view rendering. Explicitly configure spring.jpa.open-in-view to disable this warning
2020-12-12 00:24:50,610 INFO org.springframework.security.web.DefaultSecurityFilterChain [main] Creating filter chain: any request, [org.springframework.security.web.context.request.async.WebAsyncManagerIntegrationFilter@37b52340, org.springframework.security.web.context.SecurityContextPersistenceFilter@363c4251, org.springframework.security.web.header.HeaderWriterFilter@1f346ad2, org.springframework.web.filter.CorsFilter@663bb8ef, org.springframework.security.web.authentication.logout.LogoutFilter@4437ac07, com.rdesouter.security.JWTAuthenticationFilter@2f4e40d7, com.rdesouter.security.JWTAuthorizationFilter@60e9c3a5, org.springframework.security.web.savedrequest.RequestCacheAwareFilter@1a1f5f71, org.springframework.security.web.servletapi.SecurityContextHolderAwareRequestFilter@38b8b6c0, org.springframework.security.web.authentication.AnonymousAuthenticationFilter@7e5843db, org.springframework.security.web.session.SessionManagementFilter@7ab34619, org.springframework.security.web.access.ExceptionTranslationFilter@3d0035d2, org.springframework.security.web.access.intercept.FilterSecurityInterceptor@7412ed6b]
2020-12-12 00:24:50,641 WARN com.google.api.client.util.store.FileDataStoreFactory [main] unable to change permissions for everybody: D:\ProjetRonald\MessageCalendarSync\tokens\gmail
2020-12-12 00:24:50,641 WARN com.google.api.client.util.store.FileDataStoreFactory [main] unable to change permissions for owner: D:\ProjetRonald\MessageCalendarSync\tokens\gmail
2020-12-12 00:24:51,251 INFO org.apache.juli.logging.DirectJDKLog [main] Starting ProtocolHandler ["http-nio-8081"]
2020-12-12 00:24:51,282 INFO com.zaxxer.hikari.HikariDataSource [task-1] HikariPool-1 - Start completed.
2020-12-12 00:24:51,300 INFO org.springframework.boot.web.embedded.tomcat.TomcatWebServer [main] Tomcat started on port(s): 8081 (http) with context path '/api'
2020-12-12 00:24:51,300 INFO org.springframework.data.repository.config.DeferredRepositoryInitializationListener [main] Triggering deferred initialization of Spring Data repositories…
2020-12-12 00:24:51,347 INFO org.hibernate.dialect.Dialect [task-1] HHH000400: Using dialect: org.hibernate.dialect.PostgreSQL95Dialect
2020-12-12 00:24:52,331 INFO org.hibernate.tuple.PojoInstantiator [task-1] HHH000182: No default (no-argument) constructor for class: com.rdesouter.model.AuthenticatedUser (class must be instantiated by Interceptor)
2020-12-12 00:24:52,800 WARN org.hibernate.engine.jdbc.spi.SqlExceptionHelper$StandardWarningHandler [task-1] SQL Warning Code: 0, SQLState: 00000
2020-12-12 00:24:52,800 WARN org.hibernate.engine.jdbc.spi.SqlExceptionHelper$StandardWarningHandler [task-1] la contrainte « fk_user_id » de la relation « message » n'existe pas, ignore
2020-12-12 00:24:52,815 WARN org.hibernate.engine.jdbc.spi.SqlExceptionHelper$StandardWarningHandler [task-1] SQL Warning Code: 0, SQLState: 00000
2020-12-12 00:24:52,815 WARN org.hibernate.engine.jdbc.spi.SqlExceptionHelper$StandardWarningHandler [task-1] la table « user » n'existe pas, poursuite du traitement
2020-12-12 00:24:52,815 WARN org.hibernate.engine.jdbc.spi.SqlExceptionHelper$StandardWarningHandler [task-1] SQL Warning Code: 0, SQLState: 00000
2020-12-12 00:24:52,815 WARN org.hibernate.engine.jdbc.spi.SqlExceptionHelper$StandardWarningHandler [task-1] la contrainte « fk_user_id » de la relation « calendar » n'existe pas, ignore
2020-12-12 00:24:52,940 INFO org.hibernate.engine.transaction.jta.platform.internal.JtaPlatformInitiator [task-1] HHH000490: Using JtaPlatform implementation: [org.hibernate.engine.transaction.jta.platform.internal.NoJtaPlatform]
2020-12-12 00:24:52,940 INFO org.springframework.orm.jpa.AbstractEntityManagerFactoryBean [task-1] Initialized JPA EntityManagerFactory for persistence unit 'default'
2020-12-12 00:24:53,175 WARN org.springframework.context.support.AbstractApplicationContext [main] Exception encountered during context initialization - cancelling refresh attempt: org.springframework.beans.factory.BeanCreationException: Error creating bean with name 'messageRepository': FactoryBean threw exception on object creation; nested exception is java.lang.IllegalArgumentException: Not a managed type: class com.google.api.services.gmail.model.Message
2020-12-12 00:24:53,190 INFO org.springframework.orm.jpa.AbstractEntityManagerFactoryBean [main] Closing JPA EntityManagerFactory for persistence unit 'default'
2020-12-12 00:24:53,190 INFO org.springframework.scheduling.concurrent.ExecutorConfigurationSupport [main] Shutting down ExecutorService 'taskScheduler'
2020-12-12 00:24:53,190 INFO org.springframework.scheduling.concurrent.ExecutorConfigurationSupport [main] Shutting down ExecutorService 'applicationTaskExecutor'
2020-12-12 00:24:53,190 INFO com.zaxxer.hikari.HikariDataSource [main] HikariPool-1 - Shutdown initiated...
2020-12-12 00:24:53,206 INFO com.zaxxer.hikari.HikariDataSource [main] HikariPool-1 - Shutdown completed.
2020-12-12 00:24:53,206 INFO org.apache.juli.logging.DirectJDKLog [main] Pausing ProtocolHandler ["http-nio-8081"]
2020-12-12 00:24:53,238 WARN com.zaxxer.hikari.pool.ProxyConnection [task-2] HikariPool-1 - Connection org.postgresql.jdbc.PgConnection@6cb03b03 marked as broken because of SQLSTATE(08003), ErrorCode(0)
org.postgresql.util.PSQLException: This connection has been closed.
	at org.postgresql.jdbc.PgConnection.checkClosed(PgConnection.java:885)
	at org.postgresql.jdbc.PgConnection.createStatement(PgConnection.java:1727)
	at org.postgresql.jdbc.PgConnection.createStatement(PgConnection.java:431)
	at com.zaxxer.hikari.pool.ProxyConnection.createStatement(ProxyConnection.java:294)
	at com.zaxxer.hikari.pool.HikariProxyConnection.createStatement(HikariProxyConnection.java)
	at org.springframework.jdbc.datasource.init.ScriptUtils.executeSqlScript(ScriptUtils.java:596)
	at org.springframework.jdbc.datasource.init.ResourceDatabasePopulator.populate(ResourceDatabasePopulator.java:254)
	at org.springframework.jdbc.datasource.init.DatabasePopulatorUtils.execute(DatabasePopulatorUtils.java:49)
	at org.springframework.boot.autoconfigure.jdbc.DataSourceInitializer.runScripts(DataSourceInitializer.java:202)
	at org.springframework.boot.autoconfigure.jdbc.DataSourceInitializer.initSchema(DataSourceInitializer.java:119)
	at org.springframework.boot.autoconfigure.jdbc.DataSourceInitializerInvoker.onApplicationEvent(DataSourceInitializerInvoker.java:91)
	at org.springframework.boot.autoconfigure.jdbc.DataSourceInitializerInvoker.onApplicationEvent(DataSourceInitializerInvoker.java:38)
	at org.springframework.context.event.SimpleApplicationEventMulticaster.doInvokeListener(SimpleApplicationEventMulticaster.java:172)
	at org.springframework.context.event.SimpleApplicationEventMulticaster.invokeListener(SimpleApplicationEventMulticaster.java:165)
	at org.springframework.context.event.SimpleApplicationEventMulticaster.multicastEvent(SimpleApplicationEventMulticaster.java:139)
	at org.springframework.context.support.AbstractApplicationContext.publishEvent(AbstractApplicationContext.java:404)
	at org.springframework.context.support.AbstractApplicationContext.publishEvent(AbstractApplicationContext.java:361)
	at org.springframework.boot.autoconfigure.orm.jpa.DataSourceInitializedPublisher.publishEventIfRequired(DataSourceInitializedPublisher.java:99)
	at org.springframework.boot.autoconfigure.orm.jpa.DataSourceInitializedPublisher.access$100(DataSourceInitializedPublisher.java:50)
	at org.springframework.boot.autoconfigure.orm.jpa.DataSourceInitializedPublisher$DataSourceSchemaCreatedPublisher.lambda$postProcessEntityManagerFactory$0(DataSourceInitializedPublisher.java:200)
	at java.util.concurrent.ThreadPoolExecutor.runWorker(ThreadPoolExecutor.java:1149)
	at java.util.concurrent.ThreadPoolExecutor$Worker.run(ThreadPoolExecutor.java:624)
	at java.lang.Thread.run(Thread.java:748)
2020-12-12 00:24:53,734 INFO org.apache.juli.logging.DirectJDKLog [main] Stopping service [Tomcat]
2020-12-12 00:24:53,734 INFO org.apache.juli.logging.DirectJDKLog [main] Stopping ProtocolHandler ["http-nio-8081"]
2020-12-12 00:24:53,781 INFO org.apache.juli.logging.DirectJDKLog [main] Destroying ProtocolHandler ["http-nio-8081"]
2020-12-12 00:24:53,797 INFO org.springframework.boot.autoconfigure.logging.ConditionEvaluationReportLoggingListener [main] 

Error starting ApplicationContext. To display the conditions report re-run your application with 'debug' enabled.
2020-12-12 00:24:53,797 ERROR org.springframework.boot.SpringApplication [main] Application run failed
org.springframework.beans.factory.BeanCreationException: Error creating bean with name 'messageRepository': FactoryBean threw exception on object creation; nested exception is java.lang.IllegalArgumentException: Not a managed type: class com.google.api.services.gmail.model.Message
	at org.springframework.beans.factory.support.FactoryBeanRegistrySupport.doGetObjectFromFactoryBean(FactoryBeanRegistrySupport.java:176)
	at org.springframework.beans.factory.support.FactoryBeanRegistrySupport.getObjectFromFactoryBean(FactoryBeanRegistrySupport.java:101)
	at org.springframework.beans.factory.support.AbstractBeanFactory.getObjectForBeanInstance(AbstractBeanFactory.java:1828)
	at org.springframework.beans.factory.support.AbstractAutowireCapableBeanFactory.getObjectForBeanInstance(AbstractAutowireCapableBeanFactory.java:1265)
	at org.springframework.beans.factory.support.AbstractBeanFactory.doGetBean(AbstractBeanFactory.java:334)
	at org.springframework.beans.factory.support.AbstractBeanFactory.getBean(AbstractBeanFactory.java:202)
	at org.springframework.beans.factory.support.DefaultListableBeanFactory.getBeansOfType(DefaultListableBeanFactory.java:624)
	at org.springframework.beans.factory.support.DefaultListableBeanFactory.getBeansOfType(DefaultListableBeanFactory.java:612)
	at org.springframework.data.repository.config.DeferredRepositoryInitializationListener.onApplicationEvent(DeferredRepositoryInitializationListener.java:51)
	at org.springframework.data.repository.config.DeferredRepositoryInitializationListener.onApplicationEvent(DeferredRepositoryInitializationListener.java:36)
	at org.springframework.context.event.SimpleApplicationEventMulticaster.doInvokeListener(SimpleApplicationEventMulticaster.java:172)
	at org.springframework.context.event.SimpleApplicationEventMulticaster.invokeListener(SimpleApplicationEventMulticaster.java:165)
	at org.springframework.context.event.SimpleApplicationEventMulticaster.multicastEvent(SimpleApplicationEventMulticaster.java:139)
	at org.springframework.context.support.AbstractApplicationContext.publishEvent(AbstractApplicationContext.java:404)
	at org.springframework.context.support.AbstractApplicationContext.publishEvent(AbstractApplicationContext.java:361)
	at org.springframework.context.support.AbstractApplicationContext.finishRefresh(AbstractApplicationContext.java:898)
	at org.springframework.context.support.AbstractApplicationContext.refresh(AbstractApplicationContext.java:554)
	at org.springframework.boot.web.servlet.context.ServletWebServerApplicationContext.refresh(ServletWebServerApplicationContext.java:143)
	at org.springframework.boot.SpringApplication.refresh(SpringApplication.java:758)
	at org.springframework.boot.SpringApplication.refresh(SpringApplication.java:750)
	at org.springframework.boot.SpringApplication.refreshContext(SpringApplication.java:397)
	at org.springframework.boot.SpringApplication.run(SpringApplication.java:315)
	at org.springframework.boot.SpringApplication.run(SpringApplication.java:1237)
	at org.springframework.boot.SpringApplication.run(SpringApplication.java:1226)
	at com.rdesouter.MessageCalendarSyncApplication.main(MessageCalendarSyncApplication.java:43)
Caused by: java.lang.IllegalArgumentException: Not a managed type: class com.google.api.services.gmail.model.Message
	at org.hibernate.metamodel.internal.MetamodelImpl.managedType(MetamodelImpl.java:582)
	at org.hibernate.metamodel.internal.MetamodelImpl.managedType(MetamodelImpl.java:85)
	at org.springframework.data.jpa.repository.support.JpaMetamodelEntityInformation.<init>(JpaMetamodelEntityInformation.java:75)
	at org.springframework.data.jpa.repository.support.JpaEntityInformationSupport.getEntityInformation(JpaEntityInformationSupport.java:66)
	at org.springframework.data.jpa.repository.support.JpaRepositoryFactory.getEntityInformation(JpaRepositoryFactory.java:229)
	at org.springframework.data.jpa.repository.support.JpaRepositoryFactory.getTargetRepository(JpaRepositoryFactory.java:179)
	at org.springframework.data.jpa.repository.support.JpaRepositoryFactory.getTargetRepository(JpaRepositoryFactory.java:162)
	at org.springframework.data.jpa.repository.support.JpaRepositoryFactory.getTargetRepository(JpaRepositoryFactory.java:72)
	at org.springframework.data.repository.core.support.RepositoryFactorySupport.getRepository(RepositoryFactorySupport.java:309)
	at org.springframework.data.repository.core.support.RepositoryFactoryBeanSupport.lambda$afterPropertiesSet$5(RepositoryFactoryBeanSupport.java:297)
	at org.springframework.data.util.Lazy.getNullable(Lazy.java:212)
	at org.springframework.data.util.Lazy.get(Lazy.java:94)
	at org.springframework.data.repository.core.support.RepositoryFactoryBeanSupport.getObject(RepositoryFactoryBeanSupport.java:244)
	at org.springframework.data.repository.core.support.RepositoryFactoryBeanSupport.getObject(RepositoryFactoryBeanSupport.java:57)
	at org.springframework.beans.factory.support.FactoryBeanRegistrySupport.doGetObjectFromFactoryBean(FactoryBeanRegistrySupport.java:169)
	... 24 common frames omitted
2020-12-12 00:25:23,234 INFO org.springframework.boot.StartupInfoLogger [main] Starting MessageCalendarSyncApplication on LAPTOP-LJ377Q8B with PID 2768 (D:\ProjetRonald\MessageCalendarSync\target\classes started by Yusuduck in D:\ProjetRonald\MessageCalendarSync)
2020-12-12 00:25:23,280 INFO org.springframework.boot.SpringApplication [main] No active profile set, falling back to default profiles: default
2020-12-12 00:25:24,722 INFO org.springframework.data.repository.config.RepositoryConfigurationDelegate [main] Bootstrapping Spring Data JPA repositories in DEFERRED mode.
2020-12-12 00:25:24,831 INFO org.springframework.data.repository.config.RepositoryConfigurationDelegate [main] Finished Spring Data repository scanning in 95ms. Found 2 JPA repository interfaces.
2020-12-12 00:25:25,347 INFO org.springframework.context.support.PostProcessorRegistrationDelegate$BeanPostProcessorChecker [main] Bean 'org.springframework.security.access.expression.method.DefaultMethodSecurityExpressionHandler@a0a9fa5' of type [org.springframework.security.access.expression.method.DefaultMethodSecurityExpressionHandler] is not eligible for getting processed by all BeanPostProcessors (for example: not eligible for auto-proxying)
2020-12-12 00:25:25,347 INFO org.springframework.context.support.PostProcessorRegistrationDelegate$BeanPostProcessorChecker [main] Bean 'methodSecurityMetadataSource' of type [org.springframework.security.access.method.DelegatingMethodSecurityMetadataSource] is not eligible for getting processed by all BeanPostProcessors (for example: not eligible for auto-proxying)
2020-12-12 00:25:26,097 INFO org.springframework.boot.web.embedded.tomcat.TomcatWebServer [main] Tomcat initialized with port(s): 8081 (http)
2020-12-12 00:25:26,112 INFO org.apache.juli.logging.DirectJDKLog [main] Initializing ProtocolHandler ["http-nio-8081"]
2020-12-12 00:25:26,112 INFO org.apache.juli.logging.DirectJDKLog [main] Starting service [Tomcat]
2020-12-12 00:25:26,112 INFO org.apache.juli.logging.DirectJDKLog [main] Starting Servlet engine: [Apache Tomcat/9.0.38]
2020-12-12 00:25:26,269 INFO org.apache.juli.logging.DirectJDKLog [main] Initializing Spring embedded WebApplicationContext
2020-12-12 00:25:26,269 INFO org.springframework.boot.web.servlet.context.ServletWebServerApplicationContext [main] Root WebApplicationContext: initialization completed in 2828 ms
2020-12-12 00:25:26,597 INFO org.springframework.scheduling.concurrent.ExecutorConfigurationSupport [main] Initializing ExecutorService 'applicationTaskExecutor'
2020-12-12 00:25:26,612 INFO org.springframework.scheduling.concurrent.ExecutorConfigurationSupport [main] Initializing ExecutorService 'taskScheduler'
2020-12-12 00:25:26,690 INFO org.hibernate.jpa.internal.util.LogHelper [task-1] HHH000204: Processing PersistenceUnitInfo [name: default]
2020-12-12 00:25:26,909 INFO org.hibernate.Version [task-1] HHH000412: Hibernate ORM core version 5.4.21.Final
2020-12-12 00:25:27,268 INFO org.hibernate.annotations.common.reflection.java.JavaReflectionManager [task-1] HCANN000001: Hibernate Commons Annotations {5.1.0.Final}
2020-12-12 00:25:27,425 INFO com.zaxxer.hikari.HikariDataSource [task-1] HikariPool-1 - Starting...
2020-12-12 00:25:27,690 WARN com.google.api.client.util.store.FileDataStoreFactory [main] unable to change permissions for everybody: D:\ProjetRonald\MessageCalendarSync\tokens\gmail
2020-12-12 00:25:27,690 WARN com.google.api.client.util.store.FileDataStoreFactory [main] unable to change permissions for owner: D:\ProjetRonald\MessageCalendarSync\tokens\gmail
2020-12-12 00:25:27,753 INFO com.zaxxer.hikari.HikariDataSource [task-1] HikariPool-1 - Start completed.
2020-12-12 00:25:27,815 INFO org.hibernate.dialect.Dialect [task-1] HHH000400: Using dialect: org.hibernate.dialect.PostgreSQL95Dialect
2020-12-12 00:25:27,878 WARN org.springframework.boot.autoconfigure.orm.jpa.JpaBaseConfiguration$JpaWebConfiguration [main] spring.jpa.open-in-view is enabled by default. Therefore, database queries may be performed during view rendering. Explicitly configure spring.jpa.open-in-view to disable this warning
2020-12-12 00:25:28,471 INFO org.springframework.security.web.DefaultSecurityFilterChain [main] Creating filter chain: any request, [org.springframework.security.web.context.request.async.WebAsyncManagerIntegrationFilter@6e7c351d, org.springframework.security.web.context.SecurityContextPersistenceFilter@254f906e, org.springframework.security.web.header.HeaderWriterFilter@17f3eefb, org.springframework.web.filter.CorsFilter@7b4a0aef, org.springframework.security.web.authentication.logout.LogoutFilter@623ebac7, com.rdesouter.security.JWTAuthenticationFilter@45cec376, com.rdesouter.security.JWTAuthorizationFilter@26d41711, org.springframework.security.web.savedrequest.RequestCacheAwareFilter@2bfb6b49, org.springframework.security.web.servletapi.SecurityContextHolderAwareRequestFilter@1a1f5f71, org.springframework.security.web.authentication.AnonymousAuthenticationFilter@298f0a0b, org.springframework.security.web.session.SessionManagementFilter@788ddc1f, org.springframework.security.web.access.ExceptionTranslationFilter@64d4f7c7, org.springframework.security.web.access.intercept.FilterSecurityInterceptor@544e8149]
2020-12-12 00:25:28,549 WARN com.google.api.client.util.store.FileDataStoreFactory [main] unable to change permissions for everybody: D:\ProjetRonald\MessageCalendarSync\tokens\gmail
2020-12-12 00:25:28,549 WARN com.google.api.client.util.store.FileDataStoreFactory [main] unable to change permissions for owner: D:\ProjetRonald\MessageCalendarSync\tokens\gmail
2020-12-12 00:25:28,971 INFO org.hibernate.tuple.PojoInstantiator [task-1] HHH000182: No default (no-argument) constructor for class: com.rdesouter.model.AuthenticatedUser (class must be instantiated by Interceptor)
2020-12-12 00:25:29,299 INFO org.apache.juli.logging.DirectJDKLog [main] Starting ProtocolHandler ["http-nio-8081"]
2020-12-12 00:25:29,346 INFO org.springframework.boot.web.embedded.tomcat.TomcatWebServer [main] Tomcat started on port(s): 8081 (http) with context path '/api'
2020-12-12 00:25:29,346 INFO org.springframework.data.repository.config.DeferredRepositoryInitializationListener [main] Triggering deferred initialization of Spring Data repositories…
2020-12-12 00:25:29,893 WARN org.hibernate.engine.jdbc.spi.SqlExceptionHelper$StandardWarningHandler [task-1] SQL Warning Code: 0, SQLState: 00000
2020-12-12 00:25:29,893 WARN org.hibernate.engine.jdbc.spi.SqlExceptionHelper$StandardWarningHandler [task-1] DROP cascade sur contrainte fk_user_id sur table calendar
2020-12-12 00:25:29,893 WARN org.hibernate.engine.jdbc.spi.SqlExceptionHelper$StandardWarningHandler [task-1] SQL Warning Code: 0, SQLState: 00000
2020-12-12 00:25:29,893 WARN org.hibernate.engine.jdbc.spi.SqlExceptionHelper$StandardWarningHandler [task-1] la contrainte « fk_user_id » de la relation « calendar » n'existe pas, ignore
2020-12-12 00:25:29,955 INFO org.hibernate.engine.transaction.jta.platform.internal.JtaPlatformInitiator [task-1] HHH000490: Using JtaPlatform implementation: [org.hibernate.engine.transaction.jta.platform.internal.NoJtaPlatform]
2020-12-12 00:25:29,971 INFO org.springframework.orm.jpa.AbstractEntityManagerFactoryBean [task-1] Initialized JPA EntityManagerFactory for persistence unit 'default'
2020-12-12 00:25:30,549 INFO org.springframework.data.repository.config.DeferredRepositoryInitializationListener [main] Spring Data repositories initialized!
2020-12-12 00:25:30,564 INFO org.springframework.boot.StartupInfoLogger [main] Started MessageCalendarSyncApplication in 8.002 seconds (JVM running for 9.024)
2020-12-12 00:36:16,914 INFO org.springframework.boot.StartupInfoLogger [main] Starting MessageCalendarSyncApplication on LAPTOP-LJ377Q8B with PID 7664 (D:\ProjetRonald\MessageCalendarSync\target\classes started by Yusuduck in D:\ProjetRonald\MessageCalendarSync)
2020-12-12 00:36:16,914 INFO org.springframework.boot.SpringApplication [main] No active profile set, falling back to default profiles: default
2020-12-12 00:36:18,273 INFO org.springframework.data.repository.config.RepositoryConfigurationDelegate [main] Bootstrapping Spring Data JPA repositories in DEFERRED mode.
2020-12-12 00:36:18,383 INFO org.springframework.data.repository.config.RepositoryConfigurationDelegate [main] Finished Spring Data repository scanning in 99ms. Found 3 JPA repository interfaces.
2020-12-12 00:36:19,039 INFO org.springframework.context.support.PostProcessorRegistrationDelegate$BeanPostProcessorChecker [main] Bean 'org.springframework.security.access.expression.method.DefaultMethodSecurityExpressionHandler@301d8120' of type [org.springframework.security.access.expression.method.DefaultMethodSecurityExpressionHandler] is not eligible for getting processed by all BeanPostProcessors (for example: not eligible for auto-proxying)
2020-12-12 00:36:19,039 INFO org.springframework.context.support.PostProcessorRegistrationDelegate$BeanPostProcessorChecker [main] Bean 'methodSecurityMetadataSource' of type [org.springframework.security.access.method.DelegatingMethodSecurityMetadataSource] is not eligible for getting processed by all BeanPostProcessors (for example: not eligible for auto-proxying)
2020-12-12 00:36:19,786 INFO org.springframework.boot.web.embedded.tomcat.TomcatWebServer [main] Tomcat initialized with port(s): 8081 (http)
2020-12-12 00:36:19,801 INFO org.apache.juli.logging.DirectJDKLog [main] Initializing ProtocolHandler ["http-nio-8081"]
2020-12-12 00:36:19,801 INFO org.apache.juli.logging.DirectJDKLog [main] Starting service [Tomcat]
2020-12-12 00:36:19,801 INFO org.apache.juli.logging.DirectJDKLog [main] Starting Servlet engine: [Apache Tomcat/9.0.38]
2020-12-12 00:36:19,957 INFO org.apache.juli.logging.DirectJDKLog [main] Initializing Spring embedded WebApplicationContext
2020-12-12 00:36:19,957 INFO org.springframework.boot.web.servlet.context.ServletWebServerApplicationContext [main] Root WebApplicationContext: initialization completed in 2949 ms
2020-12-12 00:36:20,285 INFO org.springframework.scheduling.concurrent.ExecutorConfigurationSupport [main] Initializing ExecutorService 'applicationTaskExecutor'
2020-12-12 00:36:20,301 INFO org.springframework.scheduling.concurrent.ExecutorConfigurationSupport [main] Initializing ExecutorService 'taskScheduler'
2020-12-12 00:36:20,395 INFO org.hibernate.jpa.internal.util.LogHelper [task-1] HHH000204: Processing PersistenceUnitInfo [name: default]
2020-12-12 00:36:20,614 INFO org.hibernate.Version [task-1] HHH000412: Hibernate ORM core version 5.4.21.Final
2020-12-12 00:36:20,895 INFO org.hibernate.annotations.common.reflection.java.JavaReflectionManager [task-1] HCANN000001: Hibernate Commons Annotations {5.1.0.Final}
2020-12-12 00:36:21,035 INFO com.zaxxer.hikari.HikariDataSource [task-1] HikariPool-1 - Starting...
2020-12-12 00:36:21,223 WARN com.google.api.client.util.store.FileDataStoreFactory [main] unable to change permissions for everybody: D:\ProjetRonald\MessageCalendarSync\tokens\gmail
2020-12-12 00:36:21,223 WARN com.google.api.client.util.store.FileDataStoreFactory [main] unable to change permissions for owner: D:\ProjetRonald\MessageCalendarSync\tokens\gmail
2020-12-12 00:36:21,379 INFO com.zaxxer.hikari.HikariDataSource [task-1] HikariPool-1 - Start completed.
2020-12-12 00:36:21,410 WARN org.springframework.boot.autoconfigure.orm.jpa.JpaBaseConfiguration$JpaWebConfiguration [main] spring.jpa.open-in-view is enabled by default. Therefore, database queries may be performed during view rendering. Explicitly configure spring.jpa.open-in-view to disable this warning
2020-12-12 00:36:21,426 INFO org.hibernate.dialect.Dialect [task-1] HHH000400: Using dialect: org.hibernate.dialect.PostgreSQL95Dialect
2020-12-12 00:36:21,941 INFO org.springframework.security.web.DefaultSecurityFilterChain [main] Creating filter chain: any request, [org.springframework.security.web.context.request.async.WebAsyncManagerIntegrationFilter@31dfc6f5, org.springframework.security.web.context.SecurityContextPersistenceFilter@ae2db25, org.springframework.security.web.header.HeaderWriterFilter@2bfb6b49, org.springframework.web.filter.CorsFilter@37b52340, org.springframework.security.web.authentication.logout.LogoutFilter@53311681, com.rdesouter.security.JWTAuthenticationFilter@663bb8ef, com.rdesouter.security.JWTAuthorizationFilter@2f4e40d7, org.springframework.security.web.savedrequest.RequestCacheAwareFilter@7afc4db9, org.springframework.security.web.servletapi.SecurityContextHolderAwareRequestFilter@29149030, org.springframework.security.web.authentication.AnonymousAuthenticationFilter@60e9c3a5, org.springframework.security.web.session.SessionManagementFilter@46a145ba, org.springframework.security.web.access.ExceptionTranslationFilter@254f906e, org.springframework.security.web.access.intercept.FilterSecurityInterceptor@6ada9c0c]
2020-12-12 00:36:21,988 WARN com.google.api.client.util.store.FileDataStoreFactory [main] unable to change permissions for everybody: D:\ProjetRonald\MessageCalendarSync\tokens\gmail
2020-12-12 00:36:22,004 WARN com.google.api.client.util.store.FileDataStoreFactory [main] unable to change permissions for owner: D:\ProjetRonald\MessageCalendarSync\tokens\gmail
2020-12-12 00:36:22,472 INFO org.hibernate.tuple.PojoInstantiator [task-1] HHH000182: No default (no-argument) constructor for class: com.rdesouter.model.AuthenticatedUser (class must be instantiated by Interceptor)
2020-12-12 00:36:22,847 INFO org.apache.juli.logging.DirectJDKLog [main] Starting ProtocolHandler ["http-nio-8081"]
2020-12-12 00:36:22,894 INFO org.springframework.boot.web.embedded.tomcat.TomcatWebServer [main] Tomcat started on port(s): 8081 (http) with context path '/api'
2020-12-12 00:36:22,910 INFO org.springframework.data.repository.config.DeferredRepositoryInitializationListener [main] Triggering deferred initialization of Spring Data repositories…
2020-12-12 00:36:23,332 WARN org.hibernate.engine.jdbc.spi.SqlExceptionHelper$StandardWarningHandler [task-1] SQL Warning Code: 0, SQLState: 00000
2020-12-12 00:36:23,332 WARN org.hibernate.engine.jdbc.spi.SqlExceptionHelper$StandardWarningHandler [task-1] la contrainte « fkdifp4q9fsw0joe1jgyvlfk90e » de la relation « message » n'existe pas, ignore
2020-12-12 00:36:23,332 WARN org.hibernate.engine.jdbc.spi.SqlExceptionHelper$StandardWarningHandler [task-1] SQL Warning Code: 0, SQLState: 00000
2020-12-12 00:36:23,332 WARN org.hibernate.engine.jdbc.spi.SqlExceptionHelper$StandardWarningHandler [task-1] la contrainte « fk_user_id » de la relation « message » n'existe pas, ignore
2020-12-12 00:36:23,347 WARN org.hibernate.engine.jdbc.spi.SqlExceptionHelper$StandardWarningHandler [task-1] SQL Warning Code: 0, SQLState: 00000
2020-12-12 00:36:23,347 WARN org.hibernate.engine.jdbc.spi.SqlExceptionHelper$StandardWarningHandler [task-1] DROP cascade sur contrainte user_message_id_message_fkey sur table user_message
2020-12-12 00:36:23,347 WARN org.hibernate.engine.jdbc.spi.SqlExceptionHelper$StandardWarningHandler [task-1] SQL Warning Code: 0, SQLState: 00000
2020-12-12 00:36:23,347 WARN org.hibernate.engine.jdbc.spi.SqlExceptionHelper$StandardWarningHandler [task-1] DROP cascade sur 2 autres objets
2020-12-12 00:36:23,347 WARN org.hibernate.engine.jdbc.spi.SqlExceptionHelper$StandardWarningHandler [task-1] SQL Warning Code: 0, SQLState: 00000
2020-12-12 00:36:23,347 WARN org.hibernate.engine.jdbc.spi.SqlExceptionHelper$StandardWarningHandler [task-1] la contrainte « fk3d2wn2vqun9gh8u0jkifpx0ae » de la relation « attendees » n'existe pas, ignore
2020-12-12 00:36:23,347 WARN org.hibernate.engine.jdbc.spi.SqlExceptionHelper$StandardWarningHandler [task-1] SQL Warning Code: 0, SQLState: 00000
2020-12-12 00:36:23,347 WARN org.hibernate.engine.jdbc.spi.SqlExceptionHelper$StandardWarningHandler [task-1] la contrainte « fk_user_id » de la relation « calendar » n'existe pas, ignore
2020-12-12 00:36:23,363 WARN org.hibernate.engine.jdbc.spi.SqlExceptionHelper$StandardWarningHandler [task-1] SQL Warning Code: 0, SQLState: 00000
2020-12-12 00:36:23,363 WARN org.hibernate.engine.jdbc.spi.SqlExceptionHelper$StandardWarningHandler [task-1] DROP cascade sur contrainte user_calendar_id_calendar_fkey sur table user_calendar
2020-12-12 00:36:23,425 INFO org.hibernate.engine.transaction.jta.platform.internal.JtaPlatformInitiator [task-1] HHH000490: Using JtaPlatform implementation: [org.hibernate.engine.transaction.jta.platform.internal.NoJtaPlatform]
2020-12-12 00:36:23,441 INFO org.springframework.orm.jpa.AbstractEntityManagerFactoryBean [task-1] Initialized JPA EntityManagerFactory for persistence unit 'default'
2020-12-12 00:36:23,691 WARN org.springframework.context.support.AbstractApplicationContext [main] Exception encountered during context initialization - cancelling refresh attempt: org.springframework.beans.factory.BeanCreationException: Error creating bean with name 'messageRepository': FactoryBean threw exception on object creation; nested exception is java.lang.IllegalArgumentException: Not a managed type: class com.google.api.services.gmail.model.Message
2020-12-12 00:36:23,707 INFO org.springframework.orm.jpa.AbstractEntityManagerFactoryBean [main] Closing JPA EntityManagerFactory for persistence unit 'default'
2020-12-12 00:36:23,707 INFO org.springframework.scheduling.concurrent.ExecutorConfigurationSupport [main] Shutting down ExecutorService 'taskScheduler'
2020-12-12 00:36:23,707 INFO org.springframework.scheduling.concurrent.ExecutorConfigurationSupport [main] Shutting down ExecutorService 'applicationTaskExecutor'
2020-12-12 00:36:23,707 INFO com.zaxxer.hikari.HikariDataSource [main] HikariPool-1 - Shutdown initiated...
2020-12-12 00:36:23,738 WARN com.zaxxer.hikari.pool.ProxyConnection [task-2] HikariPool-1 - Connection org.postgresql.jdbc.PgConnection@55cfef5e marked as broken because of SQLSTATE(08003), ErrorCode(0)
org.postgresql.util.PSQLException: This connection has been closed.
	at org.postgresql.jdbc.PgConnection.checkClosed(PgConnection.java:885)
	at org.postgresql.jdbc.PgConnection.getAutoCommit(PgConnection.java:845)
	at org.postgresql.jdbc.PgStatement.executeInternal(PgStatement.java:434)
	at org.postgresql.jdbc.PgStatement.execute(PgStatement.java:393)
	at org.postgresql.jdbc.PgStatement.executeWithFlags(PgStatement.java:322)
	at org.postgresql.jdbc.PgStatement.executeCachedSql(PgStatement.java:308)
	at org.postgresql.jdbc.PgStatement.executeWithFlags(PgStatement.java:284)
	at org.postgresql.jdbc.PgStatement.execute(PgStatement.java:279)
	at com.zaxxer.hikari.pool.ProxyStatement.execute(ProxyStatement.java:95)
	at com.zaxxer.hikari.pool.HikariProxyStatement.execute(HikariProxyStatement.java)
	at org.springframework.jdbc.datasource.init.ScriptUtils.executeSqlScript(ScriptUtils.java:601)
	at org.springframework.jdbc.datasource.init.ResourceDatabasePopulator.populate(ResourceDatabasePopulator.java:254)
	at org.springframework.jdbc.datasource.init.DatabasePopulatorUtils.execute(DatabasePopulatorUtils.java:49)
	at org.springframework.boot.autoconfigure.jdbc.DataSourceInitializer.runScripts(DataSourceInitializer.java:202)
	at org.springframework.boot.autoconfigure.jdbc.DataSourceInitializer.initSchema(DataSourceInitializer.java:119)
	at org.springframework.boot.autoconfigure.jdbc.DataSourceInitializerInvoker.onApplicationEvent(DataSourceInitializerInvoker.java:91)
	at org.springframework.boot.autoconfigure.jdbc.DataSourceInitializerInvoker.onApplicationEvent(DataSourceInitializerInvoker.java:38)
	at org.springframework.context.event.SimpleApplicationEventMulticaster.doInvokeListener(SimpleApplicationEventMulticaster.java:172)
	at org.springframework.context.event.SimpleApplicationEventMulticaster.invokeListener(SimpleApplicationEventMulticaster.java:165)
	at org.springframework.context.event.SimpleApplicationEventMulticaster.multicastEvent(SimpleApplicationEventMulticaster.java:139)
	at org.springframework.context.support.AbstractApplicationContext.publishEvent(AbstractApplicationContext.java:404)
	at org.springframework.context.support.AbstractApplicationContext.publishEvent(AbstractApplicationContext.java:361)
	at org.springframework.boot.autoconfigure.orm.jpa.DataSourceInitializedPublisher.publishEventIfRequired(DataSourceInitializedPublisher.java:99)
	at org.springframework.boot.autoconfigure.orm.jpa.DataSourceInitializedPublisher.access$100(DataSourceInitializedPublisher.java:50)
	at org.springframework.boot.autoconfigure.orm.jpa.DataSourceInitializedPublisher$DataSourceSchemaCreatedPublisher.lambda$postProcessEntityManagerFactory$0(DataSourceInitializedPublisher.java:200)
	at java.util.concurrent.ThreadPoolExecutor.runWorker(ThreadPoolExecutor.java:1149)
	at java.util.concurrent.ThreadPoolExecutor$Worker.run(ThreadPoolExecutor.java:624)
	at java.lang.Thread.run(Thread.java:748)
2020-12-12 00:36:23,753 INFO com.zaxxer.hikari.HikariDataSource [main] HikariPool-1 - Shutdown completed.
2020-12-12 00:36:23,753 INFO org.apache.juli.logging.DirectJDKLog [main] Pausing ProtocolHandler ["http-nio-8081"]
2020-12-12 00:36:24,294 INFO org.apache.juli.logging.DirectJDKLog [main] Stopping service [Tomcat]
2020-12-12 00:36:24,294 INFO org.apache.juli.logging.DirectJDKLog [main] Stopping ProtocolHandler ["http-nio-8081"]
2020-12-12 00:36:24,341 INFO org.apache.juli.logging.DirectJDKLog [main] Destroying ProtocolHandler ["http-nio-8081"]
2020-12-12 00:36:24,341 INFO org.springframework.boot.autoconfigure.logging.ConditionEvaluationReportLoggingListener [main] 

Error starting ApplicationContext. To display the conditions report re-run your application with 'debug' enabled.
2020-12-12 00:36:24,341 ERROR org.springframework.boot.SpringApplication [main] Application run failed
org.springframework.beans.factory.BeanCreationException: Error creating bean with name 'messageRepository': FactoryBean threw exception on object creation; nested exception is java.lang.IllegalArgumentException: Not a managed type: class com.google.api.services.gmail.model.Message
	at org.springframework.beans.factory.support.FactoryBeanRegistrySupport.doGetObjectFromFactoryBean(FactoryBeanRegistrySupport.java:176)
	at org.springframework.beans.factory.support.FactoryBeanRegistrySupport.getObjectFromFactoryBean(FactoryBeanRegistrySupport.java:101)
	at org.springframework.beans.factory.support.AbstractBeanFactory.getObjectForBeanInstance(AbstractBeanFactory.java:1828)
	at org.springframework.beans.factory.support.AbstractAutowireCapableBeanFactory.getObjectForBeanInstance(AbstractAutowireCapableBeanFactory.java:1265)
	at org.springframework.beans.factory.support.AbstractBeanFactory.doGetBean(AbstractBeanFactory.java:334)
	at org.springframework.beans.factory.support.AbstractBeanFactory.getBean(AbstractBeanFactory.java:202)
	at org.springframework.beans.factory.support.DefaultListableBeanFactory.getBeansOfType(DefaultListableBeanFactory.java:624)
	at org.springframework.beans.factory.support.DefaultListableBeanFactory.getBeansOfType(DefaultListableBeanFactory.java:612)
	at org.springframework.data.repository.config.DeferredRepositoryInitializationListener.onApplicationEvent(DeferredRepositoryInitializationListener.java:51)
	at org.springframework.data.repository.config.DeferredRepositoryInitializationListener.onApplicationEvent(DeferredRepositoryInitializationListener.java:36)
	at org.springframework.context.event.SimpleApplicationEventMulticaster.doInvokeListener(SimpleApplicationEventMulticaster.java:172)
	at org.springframework.context.event.SimpleApplicationEventMulticaster.invokeListener(SimpleApplicationEventMulticaster.java:165)
	at org.springframework.context.event.SimpleApplicationEventMulticaster.multicastEvent(SimpleApplicationEventMulticaster.java:139)
	at org.springframework.context.support.AbstractApplicationContext.publishEvent(AbstractApplicationContext.java:404)
	at org.springframework.context.support.AbstractApplicationContext.publishEvent(AbstractApplicationContext.java:361)
	at org.springframework.context.support.AbstractApplicationContext.finishRefresh(AbstractApplicationContext.java:898)
	at org.springframework.context.support.AbstractApplicationContext.refresh(AbstractApplicationContext.java:554)
	at org.springframework.boot.web.servlet.context.ServletWebServerApplicationContext.refresh(ServletWebServerApplicationContext.java:143)
	at org.springframework.boot.SpringApplication.refresh(SpringApplication.java:758)
	at org.springframework.boot.SpringApplication.refresh(SpringApplication.java:750)
	at org.springframework.boot.SpringApplication.refreshContext(SpringApplication.java:397)
	at org.springframework.boot.SpringApplication.run(SpringApplication.java:315)
	at org.springframework.boot.SpringApplication.run(SpringApplication.java:1237)
	at org.springframework.boot.SpringApplication.run(SpringApplication.java:1226)
	at com.rdesouter.MessageCalendarSyncApplication.main(MessageCalendarSyncApplication.java:43)
Caused by: java.lang.IllegalArgumentException: Not a managed type: class com.google.api.services.gmail.model.Message
	at org.hibernate.metamodel.internal.MetamodelImpl.managedType(MetamodelImpl.java:582)
	at org.hibernate.metamodel.internal.MetamodelImpl.managedType(MetamodelImpl.java:85)
	at org.springframework.data.jpa.repository.support.JpaMetamodelEntityInformation.<init>(JpaMetamodelEntityInformation.java:75)
	at org.springframework.data.jpa.repository.support.JpaEntityInformationSupport.getEntityInformation(JpaEntityInformationSupport.java:66)
	at org.springframework.data.jpa.repository.support.JpaRepositoryFactory.getEntityInformation(JpaRepositoryFactory.java:229)
	at org.springframework.data.jpa.repository.support.JpaRepositoryFactory.getTargetRepository(JpaRepositoryFactory.java:179)
	at org.springframework.data.jpa.repository.support.JpaRepositoryFactory.getTargetRepository(JpaRepositoryFactory.java:162)
	at org.springframework.data.jpa.repository.support.JpaRepositoryFactory.getTargetRepository(JpaRepositoryFactory.java:72)
	at org.springframework.data.repository.core.support.RepositoryFactorySupport.getRepository(RepositoryFactorySupport.java:309)
	at org.springframework.data.repository.core.support.RepositoryFactoryBeanSupport.lambda$afterPropertiesSet$5(RepositoryFactoryBeanSupport.java:297)
	at org.springframework.data.util.Lazy.getNullable(Lazy.java:212)
	at org.springframework.data.util.Lazy.get(Lazy.java:94)
	at org.springframework.data.repository.core.support.RepositoryFactoryBeanSupport.getObject(RepositoryFactoryBeanSupport.java:244)
	at org.springframework.data.repository.core.support.RepositoryFactoryBeanSupport.getObject(RepositoryFactoryBeanSupport.java:57)
	at org.springframework.beans.factory.support.FactoryBeanRegistrySupport.doGetObjectFromFactoryBean(FactoryBeanRegistrySupport.java:169)
	... 24 common frames omitted
